Log file open, 02/01/18 13:52:49
LogWindows: Failed to load 'aqProf.dll' (GetLastError=126)
LogWindows: File 'aqProf.dll' does not exist
LogWindows: Failed to load 'VSPerf140.dll' (GetLastError=126)
LogWindows: File 'VSPerf140.dll' does not exist
LogWindows: Failed to load 'VtuneApi.dll' (GetLastError=126)
LogWindows: File 'VtuneApi.dll' does not exist
LogWindows: Failed to load 'VtuneApi32e.dll' (GetLastError=126)
LogWindows: File 'VtuneApi32e.dll' does not exist
LogInit: Display: Running engine for game: BpTutorial02
LogPlatformFile: Not using cached read wrapper
LogInit: Display: RandInit(621210339) SRandInit(621210339).
LogInit: Read version file with build ID '3709383'
LogInit: Overriding engine version to CL 3832480, compatible CL 3709383
LogInit: Registered custom module enumerator with build ID '3709383'
LogTaskGraph: Started task graph with 5 named threads and 14 total threads with 3 sets of task threads.
LogStats: Stats thread started at 0.169310
LogD3D11RHI: Aftermath initialized
LogModuleManager: Display: Found up-to-date module file ../../../Engine/Plugins/2D/Paper2D/Binaries/Win64/UE4Editor-Paper2D.dll (API version 3709383).
LogModuleManager: Display: Found up-to-date module file ../../../Engine/Plugins/2D/Paper2D/Binaries/Win64/UE4Editor-Paper2DEditor.dll (API version 3709383).
LogModuleManager: Display: Found up-to-date module file ../../../Engine/Plugins/2D/Paper2D/Binaries/Win64/UE4Editor-PaperSpriteSheetImporter.dll (API version 3709383).
LogModuleManager: Display: Found up-to-date module file ../../../Engine/Plugins/2D/Paper2D/Binaries/Win64/UE4Editor-PaperTiledImporter.dll (API version 3709383).
LogModuleManager: Display: Found up-to-date module file ../../../Engine/Plugins/2D/Paper2D/Binaries/Win64/UE4Editor-SmartSnapping.dll (API version 3709383).
LogModuleManager: Display: Found up-to-date module file ../../../Engine/Plugins/Blendables/LightPropagationVolume/Binaries/Win64/UE4Editor-LightPropagationVolumeRuntime.dll (API version 3709383).
LogModuleManager: Display: Found up-to-date module file ../../../Engine/Plugins/Blendables/LightPropagationVolume/Binaries/Win64/UE4Editor-LightPropagationVolumeEditor.dll (API version 3709383).
LogModuleManager: Display: Found up-to-date module file ../../../Engine/Plugins/Developer/GitSourceControl/Binaries/Win64/UE4Editor-GitSourceControl.dll (API version 3709383).
LogModuleManager: Display: Found up-to-date module file ../../../Engine/Plugins/Developer/PerforceSourceControl/Binaries/Win64/UE4Editor-PerforceSourceControl.dll (API version 3709383).
LogModuleManager: Display: Found up-to-date module file ../../../Engine/Plugins/Developer/SubversionSourceControl/Binaries/Win64/UE4Editor-SubversionSourceControl.dll (API version 3709383).
LogModuleManager: Display: Found up-to-date module file ../../../Engine/Plugins/Developer/UObjectPlugin/Binaries/Win64/UE4Editor-UObjectPlugin.dll (API version 3709383).
LogModuleManager: Display: Found up-to-date module file ../../../Engine/Plugins/Developer/VisualStudioCodeSourceCodeAccess/Binaries/Win64/UE4Editor-VisualStudioCodeSourceCodeAccess.dll (API version 3709383).
LogModuleManager: Display: Found up-to-date module file ../../../Engine/Plugins/Developer/VisualStudioSourceCodeAccess/Binaries/Win64/UE4Editor-VisualStudioSourceCodeAccess.dll (API version 3709383).
LogModuleManager: Display: Found up-to-date module file ../../../Engine/Plugins/Editor/AssetManagerEditor/Binaries/Win64/UE4Editor-AssetManagerEditor.dll (API version 3709383).
LogModuleManager: Display: Found up-to-date module file ../../../Engine/Plugins/Editor/AudioCapture/Binaries/Win64/UE4Editor-AudioCapture.dll (API version 3709383).
LogModuleManager: Display: Found up-to-date module file ../../../Engine/Plugins/Editor/FacialAnimation/Binaries/Win64/UE4Editor-FacialAnimation.dll (API version 3709383).
LogModuleManager: Display: Found up-to-date module file ../../../Engine/Plugins/Editor/FacialAnimation/Binaries/Win64/UE4Editor-FacialAnimationEditor.dll (API version 3709383).
LogModuleManager: Display: Found up-to-date module file ../../../Engine/Plugins/Editor/GameplayTagsEditor/Binaries/Win64/UE4Editor-GameplayTagsEditor.dll (API version 3709383).
LogModuleManager: Display: Found up-to-date module file ../../../Engine/Plugins/Editor/MobileLauncherProfileWizard/Binaries/Win64/UE4Editor-MobileLauncherProfileWizard.dll (API version 3709383).
LogModuleManager: Display: Found up-to-date module file ../../../Engine/Plugins/Editor/PluginBrowser/Binaries/Win64/UE4Editor-PluginBrowser.dll (API version 3709383).
LogModuleManager: Display: Found up-to-date module file ../../../Engine/Plugins/Editor/SpeedTreeImporter/Binaries/Win64/UE4Editor-SpeedTreeImporter.dll (API version 3709383).
LogModuleManager: Display: Found up-to-date module file ../../../Engine/Plugins/Experimental/AlembicImporter/Binaries/Win64/UE4Editor-AlembicImporter.dll (API version 3709383).
LogModuleManager: Display: Found up-to-date module file ../../../Engine/Plugins/Experimental/AlembicImporter/Binaries/Win64/UE4Editor-AlembicLibrary.dll (API version 3709383).
LogModuleManager: Display: Found up-to-date module file ../../../Engine/Plugins/Experimental/CharacterAI/Binaries/Win64/UE4Editor-CharacterAI.dll (API version 3709383).
LogModuleManager: Display: Found up-to-date module file ../../../Engine/Plugins/Experimental/HTML5Networking/Binaries/Win64/UE4Editor-HTML5Networking.dll (API version 3709383).
LogModuleManager: Display: Found up-to-date module file ../../../Engine/Plugins/Media/AndroidMedia/Binaries/Win64/UE4Editor-AndroidMediaEditor.dll (API version 3709383).
LogModuleManager: Display: Found up-to-date module file ../../../Engine/Plugins/Media/AndroidMedia/Binaries/Win64/UE4Editor-AndroidMediaFactory.dll (API version 3709383).
LogModuleManager: Display: Found up-to-date module file ../../../Engine/Plugins/Media/AvfMedia/Binaries/Win64/UE4Editor-AvfMediaEditor.dll (API version 3709383).
LogModuleManager: Display: Found up-to-date module file ../../../Engine/Plugins/Media/AvfMedia/Binaries/Win64/UE4Editor-AvfMediaFactory.dll (API version 3709383).
LogModuleManager: Display: Found up-to-date module file ../../../Engine/Plugins/Media/AvfMedia/Binaries/Win64/UE4Editor-AvfMediaFactory.dll (API version 3709383).
LogModuleManager: Display: Found up-to-date module file ../../../Engine/Plugins/Media/ImgMedia/Binaries/Win64/UE4Editor-ImgMedia.dll (API version 3709383).
LogModuleManager: Display: Found up-to-date module file ../../../Engine/Plugins/Media/ImgMedia/Binaries/Win64/UE4Editor-ImgMediaEditor.dll (API version 3709383).
LogModuleManager: Display: Found up-to-date module file ../../../Engine/Plugins/Media/ImgMedia/Binaries/Win64/UE4Editor-ImgMediaFactory.dll (API version 3709383).
LogModuleManager: Display: Found up-to-date module file ../../../Engine/Plugins/Media/ImgMedia/Binaries/Win64/UE4Editor-ImgMediaFactory.dll (API version 3709383).
LogModuleManager: Display: Found up-to-date module file ../../../Engine/Plugins/Media/ImgMedia/Binaries/Win64/UE4Editor-OpenExrWrapper.dll (API version 3709383).
LogModuleManager: Display: Found up-to-date module file ../../../Engine/Plugins/Media/MediaCompositing/Binaries/Win64/UE4Editor-MediaCompositing.dll (API version 3709383).
LogModuleManager: Display: Found up-to-date module file ../../../Engine/Plugins/Media/MediaCompositing/Binaries/Win64/UE4Editor-MediaCompositingEditor.dll (API version 3709383).
LogModuleManager: Display: Found up-to-date module file ../../../Engine/Plugins/Media/MediaPlayerEditor/Binaries/Win64/UE4Editor-MediaPlayerEditor.dll (API version 3709383).
LogModuleManager: Display: Found up-to-date module file ../../../Engine/Plugins/Media/WmfMedia/Binaries/Win64/UE4Editor-WmfMedia.dll (API version 3709383).
LogModuleManager: Display: Found up-to-date module file ../../../Engine/Plugins/Media/WmfMedia/Binaries/Win64/UE4Editor-WmfMediaEditor.dll (API version 3709383).
LogModuleManager: Display: Found up-to-date module file ../../../Engine/Plugins/Media/WmfMedia/Binaries/Win64/UE4Editor-WmfMediaFactory.dll (API version 3709383).
LogModuleManager: Display: Found up-to-date module file ../../../Engine/Plugins/Media/WmfMedia/Binaries/Win64/UE4Editor-WmfMediaFactory.dll (API version 3709383).
LogModuleManager: Display: Found up-to-date module file ../../../Engine/Plugins/Messaging/TcpMessaging/Binaries/Win64/UE4Editor-TcpMessaging.dll (API version 3709383).
LogModuleManager: Display: Found up-to-date module file ../../../Engine/Plugins/Messaging/UdpMessaging/Binaries/Win64/UE4Editor-UdpMessaging.dll (API version 3709383).
LogModuleManager: Display: Found up-to-date module file ../../../Engine/Plugins/MovieScene/ActorSequence/Binaries/Win64/UE4Editor-ActorSequence.dll (API version 3709383).
LogModuleManager: Display: Found up-to-date module file ../../../Engine/Plugins/MovieScene/LevelSequenceEditor/Binaries/Win64/UE4Editor-LevelSequenceEditor.dll (API version 3709383).
LogModuleManager: Display: Found up-to-date module file ../../../Engine/Plugins/MovieScene/MatineeToLevelSequence/Binaries/Win64/UE4Editor-MatineeToLevelSequence.dll (API version 3709383).
LogModuleManager: Display: Found up-to-date module file ../../../Engine/Plugins/Online/OnlineSubsystem/Binaries/Win64/UE4Editor-OnlineSubsystem.dll (API version 3709383).
LogModuleManager: Display: Found up-to-date module file ../../../Engine/Plugins/Runtime/AndroidPermission/Binaries/Win64/UE4Editor-AndroidPermission.dll (API version 3709383).
LogModuleManager: Display: Found up-to-date module file ../../../Engine/Plugins/Online/OnlineSubsystemNull/Binaries/Win64/UE4Editor-OnlineSubsystemNull.dll (API version 3709383).
LogModuleManager: Display: Found up-to-date module file ../../../Engine/Plugins/Online/OnlineSubsystemUtils/Binaries/Win64/UE4Editor-OnlineSubsystemUtils.dll (API version 3709383).
LogModuleManager: Display: Found up-to-date module file ../../../Engine/Plugins/Online/OnlineSubsystemUtils/Binaries/Win64/UE4Editor-OnlineBlueprintSupport.dll (API version 3709383).
LogModuleManager: Display: Found up-to-date module file ../../../Engine/Plugins/Runtime/AndroidDeviceProfileSelector/Binaries/Win64/UE4Editor-AndroidDeviceProfileSelector.dll (API version 3709383).
LogModuleManager: Display: Found up-to-date module file ../../../Engine/Plugins/Runtime/AppleARKit/Binaries/Win64/UE4Editor-AppleARKit.dll (API version 3709383).
LogModuleManager: Display: Found up-to-date module file ../../../Engine/Plugins/Runtime/ArchVisCharacter/Binaries/Win64/UE4Editor-ArchVisCharacter.dll (API version 3709383).
LogModuleManager: Display: Found up-to-date module file ../../../Engine/Plugins/Runtime/CableComponent/Binaries/Win64/UE4Editor-CableComponent.dll (API version 3709383).
LogModuleManager: Display: Found up-to-date module file ../../../Engine/Plugins/Runtime/CustomMeshComponent/Binaries/Win64/UE4Editor-CustomMeshComponent.dll (API version 3709383).
LogModuleManager: Display: Found up-to-date module file ../../../Engine/Plugins/Runtime/ExampleDeviceProfileSelector/Binaries/Win64/UE4Editor-ExampleDeviceProfileSelector.dll (API version 3709383).
LogModuleManager: Display: Found up-to-date module file ../../../Engine/Plugins/Runtime/ImmediatePhysics/Binaries/Win64/UE4Editor-ImmediatePhysics.dll (API version 3709383).
LogModuleManager: Display: Found up-to-date module file ../../../Engine/Plugins/Runtime/ImmediatePhysics/Binaries/Win64/UE4Editor-ImmediatePhysicsEditor.dll (API version 3709383).
LogModuleManager: Display: Found up-to-date module file ../../../Engine/Plugins/Runtime/LocationServicesBPLibrary/Binaries/Win64/UE4Editor-LocationServicesBPLibrary.dll (API version 3709383).
LogModuleManager: Display: Found up-to-date module file ../../../Engine/Plugins/Runtime/MobilePatchingUtils/Binaries/Win64/UE4Editor-MobilePatchingUtils.dll (API version 3709383).
LogModuleManager: Display: Found up-to-date module file ../../../Engine/Plugins/Runtime/Oculus/OculusVR/Binaries/Win64/UE4Editor-OculusHMD.dll (API version 3709383).
LogModuleManager: Display: Found up-to-date module file ../../../Engine/Plugins/Runtime/Oculus/OculusVR/Binaries/Win64/UE4Editor-OculusInput.dll (API version 3709383).
LogModuleManager: Display: Found up-to-date module file ../../../Engine/Plugins/Runtime/Oculus/OculusVR/Binaries/Win64/UE4Editor-OculusEditor.dll (API version 3709383).
LogModuleManager: Display: Found up-to-date module file ../../../Engine/Plugins/Runtime/PhysXVehicles/Binaries/Win64/UE4Editor-PhysXVehicles.dll (API version 3709383).
LogModuleManager: Display: Found up-to-date module file ../../../Engine/Plugins/Runtime/PhysXVehicles/Binaries/Win64/UE4Editor-PhysXVehiclesEditor.dll (API version 3709383).
LogModuleManager: Display: Found up-to-date module file ../../../Engine/Plugins/Runtime/ProceduralMeshComponent/Binaries/Win64/UE4Editor-ProceduralMeshComponent.dll (API version 3709383).
LogModuleManager: Display: Found up-to-date module file ../../../Engine/Plugins/Runtime/ProceduralMeshComponent/Binaries/Win64/UE4Editor-ProceduralMeshComponentEditor.dll (API version 3709383).
LogModuleManager: Display: Found up-to-date module file ../../../Engine/Plugins/Runtime/RuntimePhysXCooking/Binaries/Win64/UE4Editor-RuntimePhysXCooking.dll (API version 3709383).
LogModuleManager: Display: Found up-to-date module file ../../../Engine/Plugins/Runtime/Steam/SteamVR/Binaries/Win64/UE4Editor-SteamVR.dll (API version 3709383).
LogModuleManager: Display: Found up-to-date module file ../../../Engine/Plugins/Runtime/Steam/SteamVR/Binaries/Win64/UE4Editor-SteamVRController.dll (API version 3709383).
LogModuleManager: Display: Found up-to-date module file ../../../Engine/Plugins/Runtime/WindowsMoviePlayer/Binaries/Win64/UE4Editor-WindowsMoviePlayer.dll (API version 3709383).
LogPluginManager: Mounting plugin Paper2D
LogPluginManager: Mounting plugin LightPropagationVolume
LogPluginManager: Mounting plugin CodeLiteSourceCodeAccess
LogPluginManager: Mounting plugin GitSourceControl
LogPluginManager: Mounting plugin KDevelopSourceCodeAccess
LogPluginManager: Mounting plugin NullSourceCodeAccess
LogPluginManager: Mounting plugin PerforceSourceControl
LogPluginManager: Mounting plugin SubversionSourceControl
LogPluginManager: Mounting plugin UObjectPlugin
LogPluginManager: Mounting plugin VisualStudioCodeSourceCodeAccess
LogPluginManager: Mounting plugin VisualStudioSourceCodeAccess
LogPluginManager: Mounting plugin XCodeSourceCodeAccess
LogPluginManager: Mounting plugin AssetManagerEditor
LogPluginManager: Mounting plugin AudioCapture
LogPluginManager: Mounting plugin FacialAnimation
LogPluginManager: Mounting plugin GameplayTagsEditor
LogPluginManager: Mounting plugin MobileLauncherProfileWizard
LogPluginManager: Mounting plugin PluginBrowser
LogPluginManager: Mounting plugin SpeedTreeImporter
LogPluginManager: Mounting plugin AlembicImporter
LogPluginManager: Mounting plugin CharacterAI
LogPluginManager: Mounting plugin HTML5Networking
LogPluginManager: Mounting plugin AndroidMedia
LogPluginManager: Mounting plugin AvfMedia
LogPluginManager: Mounting plugin ImgMedia
LogPluginManager: Mounting plugin MediaCompositing
LogPluginManager: Mounting plugin MediaPlayerEditor
LogPluginManager: Mounting plugin WmfMedia
LogPluginManager: Mounting plugin TcpMessaging
LogPluginManager: Mounting plugin UdpMessaging
LogPluginManager: Mounting plugin ActorSequence
LogPluginManager: Mounting plugin LevelSequenceEditor
LogPluginManager: Mounting plugin MatineeToLevelSequence
LogPluginManager: Mounting plugin OnlineSubsystemGooglePlay
LogPluginManager: Mounting plugin OnlineSubsystemIOS
LogPluginManager: Mounting plugin OnlineSubsystem
LogPluginManager: Mounting plugin OnlineSubsystemNull
LogPluginManager: Mounting plugin OnlineSubsystemUtils
LogPluginManager: Mounting plugin AndroidDeviceProfileSelector
LogPluginManager: Mounting plugin AndroidMoviePlayer
LogPluginManager: Mounting plugin AndroidPermission
LogPluginManager: Mounting plugin AppleARKit
LogPluginManager: Mounting plugin AppleMoviePlayer
LogPluginManager: Mounting plugin ArchVisCharacter
LogPluginManager: Mounting plugin CableComponent
LogPluginManager: Mounting plugin CustomMeshComponent
LogPluginManager: Mounting plugin ExampleDeviceProfileSelector
LogPluginManager: Mounting plugin GoogleCloudMessaging
LogPluginManager: Mounting plugin ImmediatePhysics
LogPluginManager: Mounting plugin IOSDeviceProfileSelector
LogPluginManager: Mounting plugin LinuxDeviceProfileSelector
LogPluginManager: Mounting plugin LocationServicesBPLibrary
LogPluginManager: Mounting plugin MobilePatchingUtils
LogPluginManager: Mounting plugin OculusVR
LogPluginManager: Plugin shader directory ../../../Engine/Plugins/Runtime/Oculus/OculusVR/Shaders found
LogPluginManager: Mapping shader source directory ../../../Engine/Plugins/Runtime/Oculus/OculusVR/Shaders to virtual directory /Plugin/OculusVR
LogPluginManager: Mounting plugin PhysXVehicles
LogPluginManager: Mounting plugin ProceduralMeshComponent
LogPluginManager: Mounting plugin RuntimePhysXCooking
LogPluginManager: Mounting plugin SteamVR
LogPluginManager: Mounting plugin WindowsMoviePlayer
LogInit: Using libcurl 7.47.1
LogInit:  - built for x86_64-pc-win32
LogInit:  - supports SSL with OpenSSL/1.0.2g
LogInit:  - supports HTTP deflate (compression) using libz 1.2.8
LogInit:  - other features:
LogInit:      CURL_VERSION_SSL
LogInit:      CURL_VERSION_LIBZ
LogInit:      CURL_VERSION_IPV6
LogInit:      CURL_VERSION_ASYNCHDNS
LogInit:      CURL_VERSION_LARGEFILE
LogInit:      CURL_VERSION_IDN
LogInit:  CurlRequestOptions (configurable via config and command line):
LogInit:  - bVerifyPeer = false  - Libcurl will NOT verify peer certificate
LogInit:  - bUseHttpProxy = false  - Libcurl will NOT use HTTP proxy
LogInit:  - bDontReuseConnections = false  - Libcurl will reuse connections
LogInit:  - CertBundlePath = nullptr  - Libcurl will use whatever was configured at build time.
LogInit: Build: ++UE4+Release-4.18-CL-3832480
LogInit: Engine Version: 4.18.3-3832480+++UE4+Release-4.18
LogInit: Compatible Engine Version: 4.18.0-3709383+++UE4+Release-4.18
LogInit: Net CL: 3709383
LogDevObjectVersion: Number of dev versions registered: 16
LogDevObjectVersion:   Dev-Blueprints (B0D832E4-1F89-4F0D-ACCF-7EB736FD4AA2): 10
LogDevObjectVersion:   Dev-Build (E1C64328-A22C-4D53-A36C-8E866417BD8C): 0
LogDevObjectVersion:   Dev-Core (375EC13C-06E4-48FB-B500-84F0262A717E): 2
LogDevObjectVersion:   Dev-Editor (E4B068ED-F494-42E9-A231-DA0B2E46BB41): 20
LogDevObjectVersion:   Dev-Framework (CFFC743F-43B0-4480-9391-14DF171D2073): 30
LogDevObjectVersion:   Dev-Mobile (B02B49B5-BB20-44E9-A304-32B752E40360): 0
LogDevObjectVersion:   Dev-Networking (A4E4105C-59A1-49B5-A7C5-40C4547EDFEE): 0
LogDevObjectVersion:   Dev-Online (39C831C9-5AE6-47DC-9A44-9C173E1C8E7C): 0
LogDevObjectVersion:   Dev-Physics (78F01B33-EBEA-4F98-B9B4-84EACCB95AA2): 0
LogDevObjectVersion:   Dev-Platform (6631380F-2D4D-43E0-8009-CF276956A95A): 0
LogDevObjectVersion:   Dev-Rendering (12F88B9F-8875-4AFC-A67C-D90C383ABD29): 20
LogDevObjectVersion:   Dev-Sequencer (7B5AE74C-D270-4C10-A958-57980B212A5A): 4
LogDevObjectVersion:   Dev-VR (D7296918-1DD6-4BDD-9DE2-64A83CC13884): 0
LogDevObjectVersion:   Dev-LoadTimes (C2A15278-BFE7-4AFE-6C17-90FF531DF755): 1
LogDevObjectVersion:   Private-Geometry (6EACA3D4-40EC-4CC1-B786-8BED09428FC5): 1
LogDevObjectVersion:   Dev-AnimPhys (29E575DD-E0A3-4627-9D10-D276232CDCEA): 12
LogInit: Compiled (64-bit): Jan 12 2018 02:04:55
LogInit: Compiled with Visual C++: 19.00.24215.01
LogInit: Build Configuration: Development
LogInit: Branch Name: ++UE4+Release-4.18
LogInit: Command line: -EpicPortal 
LogInit: Base directory: C:/Program Files/Epic Games/UE_4.18/Engine/Binaries/Win64/
LogInit: Installed Engine Build: 1
LogInit: Presizing for max 8388607 objects, including 0 objects not considered by GC, pre-allocating 0 bytes for permanent pool.
LogInit: Object subsystem initialized
[2018.02.01-18.52.50:473][  0]LogInit: Selected Device Profile: [Windows]
[2018.02.01-18.52.50:473][  0]LogInit: Applying CVar settings loaded from the selected device profile: [Windows]
[2018.02.01-18.52.50:503][  0]LogInit: Computer: JUNE
[2018.02.01-18.52.50:503][  0]LogInit: User: VRClubUser
[2018.02.01-18.52.50:503][  0]LogInit: CPU Page size=4096, Cores=4
[2018.02.01-18.52.50:503][  0]LogInit: High frequency timer resolution =3.905123 MHz
[2018.02.01-18.52.50:504][  0]LogMemory: Memory total: Physical=32.0GB (32GB approx)
[2018.02.01-18.52.50:504][  0]LogMemory: Platform Memory Stats for Windows
[2018.02.01-18.52.50:504][  0]LogMemory: Process Physical Memory: 275.07 MB used, 275.07 MB peak
[2018.02.01-18.52.50:504][  0]LogMemory: Process Virtual Memory: 269.55 MB used, 269.55 MB peak
[2018.02.01-18.52.50:504][  0]LogMemory: Physical Memory: 3081.64 MB used,  29635.93 MB free, 32717.57 MB total
[2018.02.01-18.52.50:504][  0]LogMemory: Virtual Memory: 680.40 MB used,  29635.93 MB free, 134217728.00 MB total
[2018.02.01-18.52.50:643][  0]LogInit: Using OS detected language (en-US).
[2018.02.01-18.52.50:643][  0]LogInit: Using OS detected locale (en-US).
[2018.02.01-18.52.50:646][  0]LogTextLocalizationManager: No specific localization for 'en-US' exists, so the 'en' localization will be used.
[2018.02.01-18.52.50:982][  0]LogInit: Setting process to per monitor DPI aware
[2018.02.01-18.52.51:186][  0]LogD3D11RHI: D3D11 adapters:
[2018.02.01-18.52.51:234][  0]LogD3D11RHI:    0. 'NVIDIA GeForce GTX 1080' (Feature Level 11_0)
[2018.02.01-18.52.51:234][  0]LogD3D11RHI:       8086/0/16358 MB DedicatedVideo/DedicatedSystem/SharedSystem, Outputs:2, VendorId:0x10de
[2018.02.01-18.52.51:235][  0]LogD3D11RHI:    1. 'Microsoft Basic Render Driver' (Feature Level 11_0)
[2018.02.01-18.52.51:235][  0]LogD3D11RHI:       0/0/16358 MB DedicatedVideo/DedicatedSystem/SharedSystem, Outputs:0, VendorId:0x1414
[2018.02.01-18.52.51:235][  0]LogD3D11RHI: Chosen D3D11 Adapter: 0
[2018.02.01-18.52.51:239][  0]LogD3D11RHI: Creating new Direct3DDevice
[2018.02.01-18.52.51:239][  0]LogD3D11RHI:     GPU DeviceId: 0x1b80 (for the marketing name, search the web for "GPU Device Id")
[2018.02.01-18.52.51:239][  0]LogWindows: EnumDisplayDevices:
[2018.02.01-18.52.51:239][  0]LogWindows:    0. 'NVIDIA GeForce GTX 1080' (P:1 D:1)
[2018.02.01-18.52.51:239][  0]LogWindows:    1. 'NVIDIA GeForce GTX 1080' (P:0 D:1)
[2018.02.01-18.52.51:239][  0]LogWindows:    2. 'NVIDIA GeForce GTX 1080' (P:0 D:0)
[2018.02.01-18.52.51:239][  0]LogWindows:    3. 'NVIDIA GeForce GTX 1080' (P:0 D:0)
[2018.02.01-18.52.51:240][  0]LogWindows: DebugString: GetVideoDriverDetailsInvalid PrimaryIsNotTheChoosenAdapter GetVideoDriverDetailsInvalid PrimaryIsNotTheChoosenAdapter GetVideoDriverDetailsInvalid PrimaryIsNotTheChoosenAdapter GetVideoDriverDetailsInvalid PrimaryIsNotTheChoosenAdapter FoundDriverCount:0 
[2018.02.01-18.52.51:240][  0]LogD3D11RHI:     Adapter Name: NVIDIA GeForce GTX 1080
[2018.02.01-18.52.51:240][  0]LogD3D11RHI:   Driver Version: Unknown (internal:Unknown, unified:Unknown)
[2018.02.01-18.52.51:240][  0]LogD3D11RHI:      Driver Date: Unknown
[2018.02.01-18.52.51:240][  0]LogRHI: Texture pool is 5660 MB (70% of 8086 MB)
[2018.02.01-18.52.51:265][  0]LogD3D11RHI: Async texture creation enabled
[2018.02.01-18.52.51:274][  0]LogD3D11RHI: GPU Timing Frequency: 1000.000000 (Debug: 2 1)
[2018.02.01-18.52.51:276][  0]LogShaderCompilers: Guid format shader working directory is -47 characters bigger than the processId version (../../../../../../Users/VR Club User/Documents/Unreal Projects/AkshayBlueprintTutorial/BpTutorial02/Intermediate/Shaders/WorkingDirectory/10184/).
[2018.02.01-18.52.51:276][  0]LogShaderCompilers: Cleaned the shader compiler working directory 'C:/Users/VR Club User/AppData/Local/Temp/UnrealShaderWorkingDir/B45DEC954878A437F89C75850B87C175/'.
[2018.02.01-18.52.51:276][  0]LogShaderCompilers: Display: Using Local Shader Compiler.
[2018.02.01-18.52.52:084][  0]LogTemp: Display: Loaded TP AllDesktopTargetPlatform
[2018.02.01-18.52.52:129][  0]LogTemp: Display: Loaded TP MacClientTargetPlatform
[2018.02.01-18.52.52:175][  0]LogTemp: Display: Loaded TP MacNoEditorTargetPlatform
[2018.02.01-18.52.52:220][  0]LogTemp: Display: Loaded TP MacServerTargetPlatform
[2018.02.01-18.52.52:266][  0]LogTemp: Display: Loaded TP MacTargetPlatform
[2018.02.01-18.52.52:311][  0]LogTemp: Display: Loaded TP WindowsClientTargetPlatform
[2018.02.01-18.52.52:355][  0]LogTemp: Display: Loaded TP WindowsNoEditorTargetPlatform
[2018.02.01-18.52.52:401][  0]LogTemp: Display: Loaded TP WindowsServerTargetPlatform
[2018.02.01-18.52.52:440][  0]LogTemp: Display: Loaded TP WindowsTargetPlatform
[2018.02.01-18.52.52:485][  0]LogTemp: Display: Loaded TP Android_ASTCTargetPlatform
[2018.02.01-18.52.52:529][  0]LogTemp: Display: Loaded TP Android_ATCTargetPlatform
[2018.02.01-18.52.52:571][  0]LogTemp: Display: Loaded TP Android_DXTTargetPlatform
[2018.02.01-18.52.52:616][  0]LogTemp: Display: Loaded TP Android_ETC1TargetPlatform
[2018.02.01-18.52.52:659][  0]LogTemp: Display: Loaded TP Android_ETC2TargetPlatform
[2018.02.01-18.52.52:749][  0]LogTemp: Display: Loaded TP Android_MultiTargetPlatform
[2018.02.01-18.52.52:749][  0]LogTemp: Display: Loaded TP Android_PVRTCTargetPlatform
[2018.02.01-18.52.52:793][  0]LogTemp: Display: Loaded TP AndroidTargetPlatform
[2018.02.01-18.52.52:827][  0]LogTemp: Display: Loaded TP HTML5TargetPlatform
[2018.02.01-18.52.52:910][  0]LogTemp: Display: Loaded TP IOSTargetPlatform
[2018.02.01-18.52.52:933][  0]LogTemp: Display: Loaded TP TVOSTargetPlatform
[2018.02.01-18.52.52:978][  0]LogTemp: Display: Loaded TP LinuxClientTargetPlatform
[2018.02.01-18.52.53:022][  0]LogTemp: Display: Loaded TP LinuxNoEditorTargetPlatform
[2018.02.01-18.52.53:067][  0]LogTemp: Display: Loaded TP LinuxServerTargetPlatform
[2018.02.01-18.52.53:111][  0]LogTemp: Display: Loaded TP LinuxTargetPlatform
[2018.02.01-18.52.53:111][  0]LogTargetPlatformManager: Display: Building Assets For Windows
[2018.02.01-18.52.53:548][  0]LogDerivedDataCache: Display: Max Cache Size: 512 MB
[2018.02.01-18.52.53:606][  0]LogDerivedDataCache: Loaded boot cache 0.06s 78MB C:/Users/VR Club User/AppData/Local/UnrealEngine/4.18/DerivedDataCache/Boot.ddc.
[2018.02.01-18.52.53:606][  0]LogDerivedDataCache: Display: Loaded Boot cache: C:/Users/VR Club User/AppData/Local/UnrealEngine/4.18/DerivedDataCache/Boot.ddc
[2018.02.01-18.52.53:606][  0]LogDerivedDataCache: FDerivedDataBackendGraph:  Pak pak cache file ../../../../../../Users/VR Club User/Documents/Unreal Projects/AkshayBlueprintTutorial/BpTutorial02/DerivedDataCache/DDC.ddp not found, will not use a pak cache.
[2018.02.01-18.52.53:606][  0]LogDerivedDataCache: Unable to find inner node Pak for hierarchical cache Hierarchy.
[2018.02.01-18.52.53:606][  0]LogDerivedDataCache: FDerivedDataBackendGraph:  CompressedPak pak cache file ../../../../../../Users/VR Club User/Documents/Unreal Projects/AkshayBlueprintTutorial/BpTutorial02/DerivedDataCache/Compressed.ddp not found, will not use a pak cache.
[2018.02.01-18.52.53:606][  0]LogDerivedDataCache: Unable to find inner node CompressedPak for hierarchical cache Hierarchy.
[2018.02.01-18.52.53:619][  0]LogDerivedDataCache: Display: Pak cache opened for reading ../../../Engine/DerivedDataCache/Compressed.ddp.
[2018.02.01-18.52.53:631][  0]LogDerivedDataCache: Using Local data cache path C:/Users/VR Club User/AppData/Local/UnrealEngine/Common/DerivedDataCache: Writable
[2018.02.01-18.52.53:647][  0]LogMaterial: Verifying Global Shaders for PCD3D_SM5
[2018.02.01-18.52.53:648][  0]LogSlate: Using Freetype 2.6.0
[2018.02.01-18.52.53:649][  0]LogSlate: SlateFontCache - WITH_FREETYPE: 1, WITH_HARFBUZZ: 1
[2018.02.01-18.52.53:649][  0]LogSlate: SlateFontCache - WITH_FREETYPE: 1, WITH_HARFBUZZ: 1
[2018.02.01-18.52.53:963][  0]LogInit: Selected Device Profile: [Windows]
[2018.02.01-18.52.54:250][  0]LogSimplygon: Simplygon DLL not present - disabling.
[2018.02.01-18.52.54:286][  0]LogMeshReduction: Using SimplygonSwarm for distributed automatic mesh merging
[2018.02.01-18.52.54:286][  0]LogMeshReduction: Using QuadricMeshReduction for automatic static mesh reduction
[2018.02.01-18.52.54:286][  0]LogMeshReduction: No automatic skeletal mesh reduction module available
[2018.02.01-18.52.54:286][  0]LogMeshReduction: No automatic mesh merging module available
[2018.02.01-18.52.54:286][  0]LogMeshMerging: No automatic mesh merging module available
[2018.02.01-18.52.54:313][  0]LogNetVersion: BpTutorial02 , NetCL: 3709383, EngineNetVer: 2, GameNetVer: 0 (Checksum: 1699814917)
[2018.02.01-18.52.54:451][  0]LogAssetRegistry: FAssetRegistry took 0.0257 seconds to start up
[2018.02.01-18.52.54:872][  0]LogPackageLocalizationCache: Processed 7 localized package path(s) for 2 prioritized culture(s) in 0.067981 seconds
[2018.02.01-18.52.54:877][  0]LogUObjectArray: 35870 objects as part of root set at end of initial load.
[2018.02.01-18.52.54:877][  0]LogUObjectAllocator: 7363696 out of 0 bytes used by permanent object pool.
[2018.02.01-18.52.54:877][  0]LogUObjectArray: CloseDisregardForGC: 0/0 objects in disregard for GC pool
[2018.02.01-18.52.54:923][  0]LogInit: WinSock: version 1.1 (2.2), MaxSocks=32767, MaxUdp=65467
[2018.02.01-18.52.57:207][  0]LogTcpMessaging: Initializing TcpMessaging bridge
[2018.02.01-18.52.57:245][  0]LogUdpMessaging: Initializing bridge on interface 0.0.0.0:0 to multicast group 230.0.0.1:6666.
[2018.02.01-18.52.57:881][  0]LogMaterial: Uniform references updated for custom material expression Custom.
[2018.02.01-18.52.58:259][  0]SourceControl: Source control is disabled
[2018.02.01-18.52.58:259][  0]SourceControl: Source control is disabled
[2018.02.01-18.52.58:306][  0]SourceControl: Source control is disabled
[2018.02.01-18.52.58:355][  0]SourceControl: Source control is disabled
[2018.02.01-18.52.59:110][  0]LogAndroidPermission: UAndroidPermissionCallbackProxy::GetInstance
[2018.02.01-18.52.59:356][  0]LogOcInput: OculusInput pre-init called
[2018.02.01-18.52.59:619][  0]LogEngine: Initializing Engine...
[2018.02.01-18.52.59:621][  0]LogHMD: Failed to initialize OpenVR with code 110
[2018.02.01-18.52.59:788][  0]LogStats: UGameplayTagsManager::ConstructGameplayTagTree: Construct from data asset -  0.000 s
[2018.02.01-18.52.59:788][  0]LogStats: UGameplayTagsManager::ConstructGameplayTagTree: GameplayTagTreeChangedEvent.Broadcast -  0.000 s
[2018.02.01-18.52.59:903][  0]LogAIModule: Creating AISystem for world Untitled
[2018.02.01-18.52.59:911][  0]LogInit: XAudio2 using 'Speakers (2- High Definition Audio Device)' : 2 channels at 48 kHz using 16 bits per sample (channel mask 0x3)
[2018.02.01-18.52.59:921][  0]LogInit: FAudioDevice initialized.
[2018.02.01-18.52.59:992][  0]LogDerivedDataCache: Saved boot cache 0.07s 78MB C:/Users/VR Club User/AppData/Local/UnrealEngine/4.18/DerivedDataCache/Boot.ddc.
[2018.02.01-18.53.00:010][  0]LogInit: Texture streaming: Enabled
[2018.02.01-18.53.00:117][  0]LogEngineSessionManager: EngineSessionManager initialized
[2018.02.01-18.53.00:117][  0]LogEngineSessionManager: EngineSessionManager sent abnormal shutdown report. Type=AbnormalShutdown, SessionId={68A867F8-4394-05D4-2DD3-F98B3F8DA081}
[2018.02.01-18.53.00:231][  0]LogInit: Transaction tracking system initialized
[2018.02.01-18.53.00:527][  0]BlueprintLog: New page: Editor Load
[2018.02.01-18.53.01:328][  0]LocalizationService: Localization service is disabled
[2018.02.01-18.53.01:984][  0]LogConsoleResponse: Display: 
[2018.02.01-18.53.02:139][  0]LogCook: Display: Max memory allowance for cook 16384mb min free memory 0mb
[2018.02.01-18.53.02:140][  0]LogCook: Display: Mobile HDR setting 1
[2018.02.01-18.53.02:140][  0]LogGameplayTags: Display: UGameplayTagsManager::DoneAddingNativeTags. DelegateIsBound: 0
[2018.02.01-18.53.02:528][  0]LogFileCache: Scanning file cache for directory 'C:/Users/VR Club User/Documents/Unreal Projects/AkshayBlueprintTutorial/BpTutorial02/Content/' took 0.02s
[2018.02.01-18.53.03:226][  0]SourceControl: Source control is disabled
[2018.02.01-18.53.03:231][  0]LightingResults: New page: Lighting Build
[2018.02.01-18.53.03:268][  0]MapCheck: New page: Map Check
[2018.02.01-18.53.03:268][  0]LightingResults: New page: Lighting Build
[2018.02.01-18.53.03:917][  0]LogAIModule: Creating AISystem for world ThirdPersonExampleMap
[2018.02.01-18.53.03:930][  0]LogEditorServer: Finished looking for orphan Actors (0.000 secs)
[2018.02.01-18.53.03:940][  0]Cmd: MAP CHECKDEP NOCLEARLOG
[2018.02.01-18.53.03:992][  0]MapCheck: Map check complete: 0 Error(s), 0 Warning(s), took 52.305ms to complete.
[2018.02.01-18.53.03:992][  0]LogFileHelpers: Loading map 'ThirdPersonExampleMap' took 0.767
[2018.02.01-18.53.04:049][  0]LogWindowsTextInputMethodSystem: Display: IME system now deactivated.
[2018.02.01-18.53.04:154][  0]LogCollectionManager: Loaded 0 collections in 0.002547 seconds
[2018.02.01-18.53.04:240][  0]LogFileCache: Scanning file cache for directory 'C:/Users/VR Club User/Documents/Unreal Projects/AkshayBlueprintTutorial/BpTutorial02/Saved/Collections/' took 0.01s
[2018.02.01-18.53.04:240][  0]LogFileCache: Scanning file cache for directory 'C:/Users/VR Club User/Documents/Unreal Projects/AkshayBlueprintTutorial/BpTutorial02/Content/Developers/VRClubUser/Collections/' took 0.01s
[2018.02.01-18.53.04:240][  0]LogFileCache: Scanning file cache for directory 'C:/Users/VR Club User/Documents/Unreal Projects/AkshayBlueprintTutorial/BpTutorial02/Content/Collections/' took 0.01s
[2018.02.01-18.53.04:240][  0]LogCollectionManager: Rebuilt the GUID cache for 0 collections in 0.000000 seconds
[2018.02.01-18.53.04:248][  0]LogContentBrowser: Native class hierarchy populated in 0.0070 seconds. Added 2363 classes and 519 folders.
[2018.02.01-18.53.04:309][  0]LogContentBrowser: Native class hierarchy updated for 'WidgetCarousel' in 0.0002 seconds. Added 0 classes and 0 folders.
[2018.02.01-18.53.04:648][  0]LogContentBrowser: Native class hierarchy updated for 'AddContentDialog' in 0.0002 seconds. Added 0 classes and 0 folders.
[2018.02.01-18.53.04:711][  0]LogContentBrowser: Native class hierarchy updated for 'SceneOutliner' in 0.0002 seconds. Added 1 classes and 2 folders.
[2018.02.01-18.53.04:770][  0]LogSlate: Took 0.000153 seconds to synchronously load lazily loaded font '../../../Engine/Content/Slate/Fonts/Roboto-Regular.ttf' (155K)
[2018.02.01-18.53.04:771][  0]LogSlate: Took 0.000130 seconds to synchronously load lazily loaded font '../../../Engine/Content/Slate/Fonts/Roboto-Bold.ttf' (160K)
[2018.02.01-18.53.04:780][  0]LogSlate: Took 0.004202 seconds to synchronously load lazily loaded font '../../../Engine/Content/Editor/Slate/Fonts/FontAwesome.ttf' (139K)
[2018.02.01-18.53.05:023][  0]LogRenderer: Reallocating scene render targets to support 1252x656 Format 10 NumSamples 1 (Frame:1).
[2018.02.01-18.53.05:186][  0]LogContentBrowser: Native class hierarchy updated for 'HierarchicalLODOutliner' in 0.0004 seconds. Added 1 classes and 2 folders.
[2018.02.01-18.53.05:186][  0]LogLoad: (Engine Initialization) Total time: 17.02 seconds
[2018.02.01-18.53.05:186][  0]LogLoad: (Engine Initialization) Total Blueprint compile time: 0.00 seconds
[2018.02.01-18.53.05:186][  0]LogExternalProfiler: No external profilers were discovered.  External profiling features will not be available.
[2018.02.01-18.53.05:211][  0]LogAssetRegistry: Asset discovery search completed in 10.7824 seconds
[2018.02.01-18.53.05:213][  0]LogCollectionManager: Rebuilt the object cache for 0 collections in 0.000000 seconds (found 0 objects)
[2018.02.01-18.53.05:213][  0]LogCollectionManager: Fixed up redirectors for 0 collections in 0.000039 seconds (updated 0 objects)
[2018.02.01-18.53.05:213][  0]LogContentStreaming: Texture pool size now 1000 MB
[2018.02.01-18.53.05:236][  0]LogSlate: Took 0.004697 seconds to synchronously load lazily loaded font '../../../Engine/Content/Slate/Fonts/Roboto-Light.ttf' (159K)
[2018.02.01-18.53.16:784][969]Cmd: MAP LOAD FILE="../../../../../../Users/VR Club User/Documents/Unreal Projects/AkshayBlueprintTutorial/BpTutorial02/Content/TutorialMaps/BpTutorial02.umap" TEMPLATE=0 SHOWPROGRESS=1 FEATURELEVEL=3
[2018.02.01-18.53.16:788][969]LogSlate: Took 0.000109 seconds to synchronously load lazily loaded font '../../../Engine/Content/Slate/Fonts/Roboto-Light.ttf' (159K)
[2018.02.01-18.53.16:794][969]LightingResults: New page: Lighting Build
[2018.02.01-18.53.16:795][969]LoadErrors: New page: Loading map: BpTutorial02.umap
[2018.02.01-18.53.16:796][969]MapCheck: New page: Map Check
[2018.02.01-18.53.16:796][969]LightingResults: New page: Lighting Build
[2018.02.01-18.53.16:882][969]LogAIModule: Creating AISystem for world BpTutorial02
[2018.02.01-18.53.16:892][969]LogEditorServer: Finished looking for orphan Actors (0.000 secs)
[2018.02.01-18.53.16:922][969]Cmd: MAP CHECKDEP NOCLEARLOG
[2018.02.01-18.53.16:968][969]MapCheck: Map check complete: 0 Error(s), 0 Warning(s), took 46.01ms to complete.
[2018.02.01-18.53.16:969][969]LogFileHelpers: Loading map 'BpTutorial02' took 0.186
[2018.02.01-18.53.29:973][660]LogTemp: Repeating last play command: Selected Viewport
[2018.02.01-18.53.30:011][660]LogBlueprintUserMessages: Early PlayInEditor Detection: Level '/Game/TutorialMaps/BpTutorial02.BpTutorial02:PersistentLevel' has LevelScriptBlueprint '/Game/TutorialMaps/BpTutorial02.BpTutorial02:PersistentLevel.BpTutorial02' with GeneratedClass '/Game/TutorialMaps/BpTutorial02.BpTutorial02_C' with ClassGeneratedBy '/Game/TutorialMaps/BpTutorial02.BpTutorial02:PersistentLevel.BpTutorial02'
[2018.02.01-18.53.30:011][660]LogPlayLevel: PlayLevel: No blueprints needed recompiling
[2018.02.01-18.53.30:012][660]PIE: New page: PIE session: BpTutorial02 (Feb 1, 2018, 8:53:30 AM)
[2018.02.01-18.53.30:012][660]LogPlayLevel: Creating play world package: /Game/TutorialMaps/UEDPIE_0_BpTutorial02
[2018.02.01-18.53.30:018][660]LogPlayLevel: PIE: StaticDuplicateObject took: (0.005425s)
[2018.02.01-18.53.30:018][660]LogAIModule: Creating AISystem for world BpTutorial02
[2018.02.01-18.53.30:018][660]LogPlayLevel: PIE: World Init took: (0.000652s)
[2018.02.01-18.53.30:019][660]LogPlayLevel: PIE: Created PIE world by copying editor world from /Game/TutorialMaps/BpTutorial02.BpTutorial02 to /Game/TutorialMaps/UEDPIE_0_BpTutorial02.BpTutorial02 (0.006408s)
[2018.02.01-18.53.30:031][660]LogInit: XAudio2 using 'Speakers (2- High Definition Audio Device)' : 2 channels at 48 kHz using 16 bits per sample (channel mask 0x3)
[2018.02.01-18.53.30:036][660]LogInit: FAudioDevice initialized.
[2018.02.01-18.53.30:087][660]LogLoad: Game class is 'ThirdPersonGameMode_C'
[2018.02.01-18.53.30:090][660]LogWorld: Bringing World /Game/TutorialMaps/UEDPIE_0_BpTutorial02.BpTutorial02 up for play (max tick rate 0) at 2018.02.01-13.53.30
[2018.02.01-18.53.30:090][660]LogWorld: Bringing up level for play took: 0.000941
[2018.02.01-18.53.30:131][660]LogContentBrowser: Native class hierarchy updated for 'MovieSceneCapture' in 0.0002 seconds. Added 11 classes and 0 folders.
[2018.02.01-18.53.30:135][660]PIE: Play in editor start time for /Game/TutorialMaps/UEDPIE_0_BpTutorial02 0.982
[2018.02.01-18.53.30:135][660]LogBlueprintUserMessages: Late PlayInEditor Detection: Level '/Game/TutorialMaps/BpTutorial02.BpTutorial02:PersistentLevel' has LevelScriptBlueprint '/Game/TutorialMaps/BpTutorial02.BpTutorial02:PersistentLevel.BpTutorial02' with GeneratedClass '/Game/TutorialMaps/BpTutorial02.BpTutorial02_C' with ClassGeneratedBy '/Game/TutorialMaps/BpTutorial02.BpTutorial02:PersistentLevel.BpTutorial02'
[2018.02.01-18.53.42:008][ 81]LogBlueprintUserMessages: Early EndPlayMap Detection: Level '/Game/TutorialMaps/BpTutorial02.BpTutorial02:PersistentLevel' has LevelScriptBlueprint '/Game/TutorialMaps/BpTutorial02.BpTutorial02:PersistentLevel.BpTutorial02' with GeneratedClass '/Game/TutorialMaps/BpTutorial02.BpTutorial02_C' with ClassGeneratedBy '/Game/TutorialMaps/BpTutorial02.BpTutorial02:PersistentLevel.BpTutorial02'
[2018.02.01-18.53.42:039][ 81]LogBlueprintUserMessages: Late EndPlayMap Detection: Level '/Game/TutorialMaps/BpTutorial02.BpTutorial02:PersistentLevel' has LevelScriptBlueprint '/Game/TutorialMaps/BpTutorial02.BpTutorial02:PersistentLevel.BpTutorial02' with GeneratedClass '/Game/TutorialMaps/BpTutorial02.BpTutorial02_C' with ClassGeneratedBy '/Game/TutorialMaps/BpTutorial02.BpTutorial02:PersistentLevel.BpTutorial02'
[2018.02.01-18.53.52:071][277]LogTemp: Repeating last play command: Selected Viewport
[2018.02.01-18.53.52:085][277]LogBlueprintUserMessages: Early PlayInEditor Detection: Level '/Game/TutorialMaps/BpTutorial02.BpTutorial02:PersistentLevel' has LevelScriptBlueprint '/Game/TutorialMaps/BpTutorial02.BpTutorial02:PersistentLevel.BpTutorial02' with GeneratedClass '/Game/TutorialMaps/BpTutorial02.BpTutorial02_C' with ClassGeneratedBy '/Game/TutorialMaps/BpTutorial02.BpTutorial02:PersistentLevel.BpTutorial02'
[2018.02.01-18.53.52:085][277]LogPlayLevel: PlayLevel: No blueprints needed recompiling
[2018.02.01-18.53.52:086][277]PIE: New page: PIE session: BpTutorial02 (Feb 1, 2018, 8:53:52 AM)
[2018.02.01-18.53.52:086][277]LogPlayLevel: Creating play world package: /Game/TutorialMaps/UEDPIE_0_BpTutorial02
[2018.02.01-18.53.52:090][277]LogPlayLevel: PIE: StaticDuplicateObject took: (0.004335s)
[2018.02.01-18.53.52:091][277]LogAIModule: Creating AISystem for world BpTutorial02
[2018.02.01-18.53.52:091][277]LogPlayLevel: PIE: World Init took: (0.000625s)
[2018.02.01-18.53.52:091][277]LogPlayLevel: PIE: Created PIE world by copying editor world from /Game/TutorialMaps/BpTutorial02.BpTutorial02 to /Game/TutorialMaps/UEDPIE_0_BpTutorial02.BpTutorial02 (0.005286s)
[2018.02.01-18.53.52:103][277]LogInit: XAudio2 using 'Speakers (2- High Definition Audio Device)' : 2 channels at 48 kHz using 16 bits per sample (channel mask 0x3)
[2018.02.01-18.53.52:108][277]LogInit: FAudioDevice initialized.
[2018.02.01-18.53.52:140][277]LogLoad: Game class is 'ThirdPersonGameMode_C'
[2018.02.01-18.53.52:141][277]LogWorld: Bringing World /Game/TutorialMaps/UEDPIE_0_BpTutorial02.BpTutorial02 up for play (max tick rate 0) at 2018.02.01-13.53.52
[2018.02.01-18.53.52:141][277]LogWorld: Bringing up level for play took: 0.000893
[2018.02.01-18.53.52:143][277]PIE: Play in editor start time for /Game/TutorialMaps/UEDPIE_0_BpTutorial02 0.991
[2018.02.01-18.53.52:144][277]LogBlueprintUserMessages: Late PlayInEditor Detection: Level '/Game/TutorialMaps/BpTutorial02.BpTutorial02:PersistentLevel' has LevelScriptBlueprint '/Game/TutorialMaps/BpTutorial02.BpTutorial02:PersistentLevel.BpTutorial02' with GeneratedClass '/Game/TutorialMaps/BpTutorial02.BpTutorial02_C' with ClassGeneratedBy '/Game/TutorialMaps/BpTutorial02.BpTutorial02:PersistentLevel.BpTutorial02'
[2018.02.01-18.53.54:522][559]LogBlueprintUserMessages: Early EndPlayMap Detection: Level '/Game/TutorialMaps/BpTutorial02.BpTutorial02:PersistentLevel' has LevelScriptBlueprint '/Game/TutorialMaps/BpTutorial02.BpTutorial02:PersistentLevel.BpTutorial02' with GeneratedClass '/Game/TutorialMaps/BpTutorial02.BpTutorial02_C' with ClassGeneratedBy '/Game/TutorialMaps/BpTutorial02.BpTutorial02:PersistentLevel.BpTutorial02'
[2018.02.01-18.53.54:552][559]LogBlueprintUserMessages: Late EndPlayMap Detection: Level '/Game/TutorialMaps/BpTutorial02.BpTutorial02:PersistentLevel' has LevelScriptBlueprint '/Game/TutorialMaps/BpTutorial02.BpTutorial02:PersistentLevel.BpTutorial02' with GeneratedClass '/Game/TutorialMaps/BpTutorial02.BpTutorial02_C' with ClassGeneratedBy '/Game/TutorialMaps/BpTutorial02.BpTutorial02:PersistentLevel.BpTutorial02'
[2018.02.01-18.54.13:595][809]LogEditorViewport: Clicking on Actor (LMB): StaticMeshActor (Wall_Door_400x300)
[2018.02.01-18.54.15:007][961]LogEditorViewport: Clicking on Actor (LMB): StaticMeshActor (Floor)
[2018.02.01-18.54.16:479][131]LogEditorViewport: Clicking on Actor (LMB): StaticMeshActor (Floor)
[2018.02.01-18.55.34:506][772]LogEditorViewport: Clicking on Actor (LMB): StaticMeshActor (Wall_Door_400x300)
[2018.02.01-18.55.43:235][810]LogEditorViewport: Clicking on Actor (LMB): StaticMeshActor (Floor)
[2018.02.01-18.55.44:647][974]LogEditorViewport: Clicking on Actor (LMB): StaticMeshActor (Wall_Door_400x300)
[2018.02.01-18.55.46:081][141]LogEditorViewport: Clicking on Actor (LMB): StaticMeshActor (Floor)
[2018.02.01-18.55.46:615][200]LogEditorViewport: Clicking on Actor (LMB): StaticMeshActor (Wall_Door_400x300)
[2018.02.01-18.55.47:224][268]LogEditorViewport: Clicking on Actor (LMB): StaticMeshActor (Floor)
[2018.02.01-18.55.48:217][382]LogEditorViewport: Clicking on Actor (LMB): StaticMeshActor (Wall_Door_400x300)
[2018.02.01-18.55.48:985][469]LogEditorViewport: Clicking on Actor (LMB): StaticMeshActor (Floor)
[2018.02.01-18.56.05:802][475]LogSlate: Took 0.004883 seconds to synchronously load lazily loaded font '../../../Engine/Content/Editor/Slate/Fonts/Roboto-Italic.ttf' (157K)
[2018.02.01-18.56.33:467][782]LogEditorViewport: Clicking on Actor (context menu): StaticMeshActor (Floor)
[2018.02.01-18.56.34:485][896]LogEditorViewport: Clicking on Actor (LMB): StaticMeshActor (Wall_Window_400x301)
[2018.02.01-18.57.10:338][927]LogEditorViewport: Clicking on Actor (LMB): StaticMeshActor (Floor)
[2018.02.01-18.57.22:306][345]LogEditorViewport: Clicking on Actor (context menu): StaticMeshActor (Floor)
[2018.02.01-18.57.23:333][461]LogEditorViewport: Clicking on Actor (LMB): BP_Sky_Sphere_C (Sky Sphere)
[2018.02.01-18.57.39:750][391]LogEditorViewport: Clicking on Actor (LMB): StaticMeshActor (Wall_Door_400x301)
[2018.02.01-18.57.51:626][793]LogEditorViewport: Clicking on Actor (LMB): StaticMeshActor (Floor)
[2018.02.01-18.58.05:932][176]LogEditorViewport: Clicking on Actor (LMB): StaticMeshActor (Wall_Door_400x300)
[2018.02.01-18.58.10:445][702]LogEditorViewport: Clicking on Actor (LMB): BP_Sky_Sphere_C (Sky Sphere)
[2018.02.01-18.58.12:790][979]LogEditorViewport: Clicking on Actor (LMB): StaticMeshActor (Wall_Door_400x300)
[2018.02.01-18.58.13:734][ 85]LogEditorViewport: Clicking on Actor (LMB): BP_Sky_Sphere_C (Sky Sphere)
[2018.02.01-18.58.14:252][143]LogEditorViewport: Clicking on Actor (LMB): StaticMeshActor (Wall_Door_400x300)
[2018.02.01-18.58.15:251][255]LogEditorViewport: Clicking on Actor (LMB): BP_Sky_Sphere_C (Sky Sphere)
[2018.02.01-18.58.15:765][312]LogEditorViewport: Clicking on Actor (LMB): StaticMeshActor (Wall_Door_400x300)
[2018.02.01-18.58.16:739][422]LogEditorViewport: Clicking on Actor (LMB): BP_Sky_Sphere_C (Sky Sphere)
[2018.02.01-18.59.15:438][417]LogEditorViewport: Clicking on Actor (LMB): PointLight (PointLight)
[2018.02.01-18.59.34:269][528]LogEditorViewport: Clicking on Actor (LMB): StaticMeshActor (Floor)
[2018.02.01-18.59.36:275][756]LogEditorViewport: Clicking on Actor (LMB): StaticMeshActor (Floor)
[2018.02.01-18.59.37:567][909]LogEditorViewport: Clicking on Actor (LMB): StaticMeshActor (Wall_Door_400x301)
[2018.02.01-18.59.59:120][461]LogSlate: Took 0.000208 seconds to synchronously load lazily loaded font '../../../Engine/Content/Slate/Fonts/Roboto-Light.ttf' (159K)
[2018.02.01-19.00.42:876][663]LogContentBrowser: Native class hierarchy updated for 'BlueprintGraph' in 0.0006 seconds. Added 116 classes and 0 folders.
[2018.02.01-19.00.43:426][663]LogSlate: Took 0.003992 seconds to synchronously load lazily loaded font '../../../Engine/Content/Editor/Slate/Fonts/Roboto-BoldCondensed.ttf' (158K)
[2018.02.01-19.01.32:544][670]LogTemp: Repeating last play command: Selected Viewport
[2018.02.01-19.01.32:563][670]LogBlueprintUserMessages: Early PlayInEditor Detection: Level '/Game/TutorialMaps/BpTutorial02.BpTutorial02:PersistentLevel' has LevelScriptBlueprint '/Game/TutorialMaps/BpTutorial02.BpTutorial02:PersistentLevel.BpTutorial02' with GeneratedClass '/Game/TutorialMaps/BpTutorial02.BpTutorial02_C' with ClassGeneratedBy '/Game/TutorialMaps/BpTutorial02.BpTutorial02:PersistentLevel.BpTutorial02'
[2018.02.01-19.01.32:563][670]LogPlayLevel: PlayLevel: No blueprints needed recompiling
[2018.02.01-19.01.32:564][670]PIE: New page: PIE session: BpTutorial02 (Feb 1, 2018, 9:01:32 AM)
[2018.02.01-19.01.32:564][670]LogPlayLevel: Creating play world package: /Game/TutorialMaps/UEDPIE_0_BpTutorial02
[2018.02.01-19.01.32:569][670]LogPlayLevel: PIE: StaticDuplicateObject took: (0.005471s)
[2018.02.01-19.01.32:570][670]LogAIModule: Creating AISystem for world BpTutorial02
[2018.02.01-19.01.32:570][670]LogPlayLevel: PIE: World Init took: (0.000641s)
[2018.02.01-19.01.32:570][670]LogPlayLevel: PIE: Created PIE world by copying editor world from /Game/TutorialMaps/BpTutorial02.BpTutorial02 to /Game/TutorialMaps/UEDPIE_0_BpTutorial02.BpTutorial02 (0.006498s)
[2018.02.01-19.01.32:592][670]LogInit: XAudio2 using 'Speakers (2- High Definition Audio Device)' : 2 channels at 48 kHz using 16 bits per sample (channel mask 0x3)
[2018.02.01-19.01.32:598][670]LogInit: FAudioDevice initialized.
[2018.02.01-19.01.32:635][670]LogLoad: Game class is 'ThirdPersonGameMode_C'
[2018.02.01-19.01.32:636][670]LogWorld: Bringing World /Game/TutorialMaps/UEDPIE_0_BpTutorial02.BpTutorial02 up for play (max tick rate 0) at 2018.02.01-14.01.32
[2018.02.01-19.01.32:636][670]LogWorld: Bringing up level for play took: 0.000734
[2018.02.01-19.01.32:638][670]PIE: Play in editor start time for /Game/TutorialMaps/UEDPIE_0_BpTutorial02 -0.514
[2018.02.01-19.01.32:638][670]LogBlueprintUserMessages: Late PlayInEditor Detection: Level '/Game/TutorialMaps/BpTutorial02.BpTutorial02:PersistentLevel' has LevelScriptBlueprint '/Game/TutorialMaps/BpTutorial02.BpTutorial02:PersistentLevel.BpTutorial02' with GeneratedClass '/Game/TutorialMaps/BpTutorial02.BpTutorial02_C' with ClassGeneratedBy '/Game/TutorialMaps/BpTutorial02.BpTutorial02:PersistentLevel.BpTutorial02'
[2018.02.01-19.01.39:333][453]LogBlueprintUserMessages: Early EndPlayMap Detection: Level '/Game/TutorialMaps/BpTutorial02.BpTutorial02:PersistentLevel' has LevelScriptBlueprint '/Game/TutorialMaps/BpTutorial02.BpTutorial02:PersistentLevel.BpTutorial02' with GeneratedClass '/Game/TutorialMaps/BpTutorial02.BpTutorial02_C' with ClassGeneratedBy '/Game/TutorialMaps/BpTutorial02.BpTutorial02:PersistentLevel.BpTutorial02'
[2018.02.01-19.01.39:367][453]LogBlueprintUserMessages: Late EndPlayMap Detection: Level '/Game/TutorialMaps/BpTutorial02.BpTutorial02:PersistentLevel' has LevelScriptBlueprint '/Game/TutorialMaps/BpTutorial02.BpTutorial02:PersistentLevel.BpTutorial02' with GeneratedClass '/Game/TutorialMaps/BpTutorial02.BpTutorial02_C' with ClassGeneratedBy '/Game/TutorialMaps/BpTutorial02.BpTutorial02:PersistentLevel.BpTutorial02'
[2018.02.01-19.01.46:243][248]LogEditorViewport: Clicking on Actor (LMB): PlayerStart (Player Start)
[2018.02.01-19.01.49:939][623]LogNavigationPoint: PostEditMove Clear paths rebuilt
[2018.02.01-19.01.51:140][743]LogTemp: Repeating last play command: Selected Viewport
[2018.02.01-19.01.51:154][743]LogBlueprintUserMessages: Early PlayInEditor Detection: Level '/Game/TutorialMaps/BpTutorial02.BpTutorial02:PersistentLevel' has LevelScriptBlueprint '/Game/TutorialMaps/BpTutorial02.BpTutorial02:PersistentLevel.BpTutorial02' with GeneratedClass '/Game/TutorialMaps/BpTutorial02.BpTutorial02_C' with ClassGeneratedBy '/Game/TutorialMaps/BpTutorial02.BpTutorial02:PersistentLevel.BpTutorial02'
[2018.02.01-19.01.51:154][743]LogPlayLevel: PlayLevel: No blueprints needed recompiling
[2018.02.01-19.01.51:154][743]PIE: New page: PIE session: BpTutorial02 (Feb 1, 2018, 9:01:51 AM)
[2018.02.01-19.01.51:154][743]LogPlayLevel: Creating play world package: /Game/TutorialMaps/UEDPIE_0_BpTutorial02
[2018.02.01-19.01.51:159][743]LogPlayLevel: PIE: StaticDuplicateObject took: (0.004324s)
[2018.02.01-19.01.51:159][743]LogAIModule: Creating AISystem for world BpTutorial02
[2018.02.01-19.01.51:160][743]LogPlayLevel: PIE: World Init took: (0.000908s)
[2018.02.01-19.01.51:160][743]LogPlayLevel: PIE: Created PIE world by copying editor world from /Game/TutorialMaps/BpTutorial02.BpTutorial02 to /Game/TutorialMaps/UEDPIE_0_BpTutorial02.BpTutorial02 (0.005611s)
[2018.02.01-19.01.51:178][743]LogInit: XAudio2 using 'Speakers (2- High Definition Audio Device)' : 2 channels at 48 kHz using 16 bits per sample (channel mask 0x3)
[2018.02.01-19.01.51:184][743]LogInit: FAudioDevice initialized.
[2018.02.01-19.01.51:218][743]LogLoad: Game class is 'ThirdPersonGameMode_C'
[2018.02.01-19.01.51:219][743]LogWorld: Bringing World /Game/TutorialMaps/UEDPIE_0_BpTutorial02.BpTutorial02 up for play (max tick rate 0) at 2018.02.01-14.01.51
[2018.02.01-19.01.51:220][743]LogWorld: Bringing up level for play took: 0.000850
[2018.02.01-19.01.51:221][743]PIE: Play in editor start time for /Game/TutorialMaps/UEDPIE_0_BpTutorial02 0.069
[2018.02.01-19.01.51:222][743]LogBlueprintUserMessages: Late PlayInEditor Detection: Level '/Game/TutorialMaps/BpTutorial02.BpTutorial02:PersistentLevel' has LevelScriptBlueprint '/Game/TutorialMaps/BpTutorial02.BpTutorial02:PersistentLevel.BpTutorial02' with GeneratedClass '/Game/TutorialMaps/BpTutorial02.BpTutorial02_C' with ClassGeneratedBy '/Game/TutorialMaps/BpTutorial02.BpTutorial02:PersistentLevel.BpTutorial02'
[2018.02.01-19.01.56:858][392]LogBlueprintUserMessages: Early EndPlayMap Detection: Level '/Game/TutorialMaps/BpTutorial02.BpTutorial02:PersistentLevel' has LevelScriptBlueprint '/Game/TutorialMaps/BpTutorial02.BpTutorial02:PersistentLevel.BpTutorial02' with GeneratedClass '/Game/TutorialMaps/BpTutorial02.BpTutorial02_C' with ClassGeneratedBy '/Game/TutorialMaps/BpTutorial02.BpTutorial02:PersistentLevel.BpTutorial02'
[2018.02.01-19.01.56:893][392]LogBlueprintUserMessages: Late EndPlayMap Detection: Level '/Game/TutorialMaps/BpTutorial02.BpTutorial02:PersistentLevel' has LevelScriptBlueprint '/Game/TutorialMaps/BpTutorial02.BpTutorial02:PersistentLevel.BpTutorial02' with GeneratedClass '/Game/TutorialMaps/BpTutorial02.BpTutorial02_C' with ClassGeneratedBy '/Game/TutorialMaps/BpTutorial02.BpTutorial02:PersistentLevel.BpTutorial02'
[2018.02.01-19.02.00:350][779]LogBlueprintUserMessages: Early PlayInEditor Detection: Level '/Game/TutorialMaps/BpTutorial02.BpTutorial02:PersistentLevel' has LevelScriptBlueprint '/Game/TutorialMaps/BpTutorial02.BpTutorial02:PersistentLevel.BpTutorial02' with GeneratedClass '/Game/TutorialMaps/BpTutorial02.BpTutorial02_C' with ClassGeneratedBy '/Game/TutorialMaps/BpTutorial02.BpTutorial02:PersistentLevel.BpTutorial02'
[2018.02.01-19.02.00:350][779]LogPlayLevel: PlayLevel: No blueprints needed recompiling
[2018.02.01-19.02.00:350][779]PIE: New page: SIE session: BpTutorial02 (Feb 1, 2018, 9:02:00 AM)
[2018.02.01-19.02.00:350][779]LogPlayLevel: Creating play world package: /Game/TutorialMaps/UEDPIE_0_BpTutorial02
[2018.02.01-19.02.00:355][779]LogPlayLevel: PIE: StaticDuplicateObject took: (0.004587s)
[2018.02.01-19.02.00:356][779]LogAIModule: Creating AISystem for world BpTutorial02
[2018.02.01-19.02.00:356][779]LogPlayLevel: PIE: World Init took: (0.000848s)
[2018.02.01-19.02.00:356][779]LogPlayLevel: PIE: Created PIE world by copying editor world from /Game/TutorialMaps/BpTutorial02.BpTutorial02 to /Game/TutorialMaps/UEDPIE_0_BpTutorial02.BpTutorial02 (0.005812s)
[2018.02.01-19.02.00:374][779]LogInit: XAudio2 using 'Speakers (2- High Definition Audio Device)' : 2 channels at 48 kHz using 16 bits per sample (channel mask 0x3)
[2018.02.01-19.02.00:380][779]LogInit: FAudioDevice initialized.
[2018.02.01-19.02.00:411][779]LogLoad: Game class is 'ThirdPersonGameMode_C'
[2018.02.01-19.02.00:412][779]LogWorld: Bringing World /Game/TutorialMaps/UEDPIE_0_BpTutorial02.BpTutorial02 up for play (max tick rate 0) at 2018.02.01-14.02.00
[2018.02.01-19.02.00:413][779]LogWorld: Bringing up level for play took: 0.000720
[2018.02.01-19.02.00:413][779]PIE: Play in editor start time for /Game/TutorialMaps/UEDPIE_0_BpTutorial02 -0.739
[2018.02.01-19.02.00:428][779]LogBlueprintUserMessages: Late PlayInEditor Detection: Level '/Game/TutorialMaps/BpTutorial02.BpTutorial02:PersistentLevel' has LevelScriptBlueprint '/Game/TutorialMaps/BpTutorial02.BpTutorial02:PersistentLevel.BpTutorial02' with GeneratedClass '/Game/TutorialMaps/BpTutorial02.BpTutorial02_C' with ClassGeneratedBy '/Game/TutorialMaps/BpTutorial02.BpTutorial02:PersistentLevel.BpTutorial02'
[2018.02.01-19.02.03:718][134]LogBlueprintUserMessages: Early EndPlayMap Detection: Level '/Game/TutorialMaps/BpTutorial02.BpTutorial02:PersistentLevel' has LevelScriptBlueprint '/Game/TutorialMaps/BpTutorial02.BpTutorial02:PersistentLevel.BpTutorial02' with GeneratedClass '/Game/TutorialMaps/BpTutorial02.BpTutorial02_C' with ClassGeneratedBy '/Game/TutorialMaps/BpTutorial02.BpTutorial02:PersistentLevel.BpTutorial02'
[2018.02.01-19.02.03:751][134]LogBlueprintUserMessages: Late EndPlayMap Detection: Level '/Game/TutorialMaps/BpTutorial02.BpTutorial02:PersistentLevel' has LevelScriptBlueprint '/Game/TutorialMaps/BpTutorial02.BpTutorial02:PersistentLevel.BpTutorial02' with GeneratedClass '/Game/TutorialMaps/BpTutorial02.BpTutorial02_C' with ClassGeneratedBy '/Game/TutorialMaps/BpTutorial02.BpTutorial02:PersistentLevel.BpTutorial02'
[2018.02.01-19.02.05:311][309]LogTemp: Repeating last play command: Simulate
[2018.02.01-19.02.05:323][309]LogBlueprintUserMessages: Early PlayInEditor Detection: Level '/Game/TutorialMaps/BpTutorial02.BpTutorial02:PersistentLevel' has LevelScriptBlueprint '/Game/TutorialMaps/BpTutorial02.BpTutorial02:PersistentLevel.BpTutorial02' with GeneratedClass '/Game/TutorialMaps/BpTutorial02.BpTutorial02_C' with ClassGeneratedBy '/Game/TutorialMaps/BpTutorial02.BpTutorial02:PersistentLevel.BpTutorial02'
[2018.02.01-19.02.05:324][309]LogPlayLevel: PlayLevel: No blueprints needed recompiling
[2018.02.01-19.02.05:324][309]PIE: New page: SIE session: BpTutorial02 (Feb 1, 2018, 9:02:05 AM)
[2018.02.01-19.02.05:324][309]LogPlayLevel: Creating play world package: /Game/TutorialMaps/UEDPIE_0_BpTutorial02
[2018.02.01-19.02.05:330][309]LogPlayLevel: PIE: StaticDuplicateObject took: (0.005592s)
[2018.02.01-19.02.05:330][309]LogAIModule: Creating AISystem for world BpTutorial02
[2018.02.01-19.02.05:331][309]LogPlayLevel: PIE: World Init took: (0.001025s)
[2018.02.01-19.02.05:331][309]LogPlayLevel: PIE: Created PIE world by copying editor world from /Game/TutorialMaps/BpTutorial02.BpTutorial02 to /Game/TutorialMaps/UEDPIE_0_BpTutorial02.BpTutorial02 (0.007095s)
[2018.02.01-19.02.05:350][309]LogInit: XAudio2 using 'Speakers (2- High Definition Audio Device)' : 2 channels at 48 kHz using 16 bits per sample (channel mask 0x3)
[2018.02.01-19.02.05:355][309]LogInit: FAudioDevice initialized.
[2018.02.01-19.02.05:391][309]LogLoad: Game class is 'ThirdPersonGameMode_C'
[2018.02.01-19.02.05:392][309]LogWorld: Bringing World /Game/TutorialMaps/UEDPIE_0_BpTutorial02.BpTutorial02 up for play (max tick rate 0) at 2018.02.01-14.02.05
[2018.02.01-19.02.05:392][309]LogWorld: Bringing up level for play took: 0.000691
[2018.02.01-19.02.05:393][309]PIE: Play in editor start time for /Game/TutorialMaps/UEDPIE_0_BpTutorial02 0.241
[2018.02.01-19.02.05:396][309]LogBlueprintUserMessages: Late PlayInEditor Detection: Level '/Game/TutorialMaps/BpTutorial02.BpTutorial02:PersistentLevel' has LevelScriptBlueprint '/Game/TutorialMaps/BpTutorial02.BpTutorial02:PersistentLevel.BpTutorial02' with GeneratedClass '/Game/TutorialMaps/BpTutorial02.BpTutorial02_C' with ClassGeneratedBy '/Game/TutorialMaps/BpTutorial02.BpTutorial02:PersistentLevel.BpTutorial02'
[2018.02.01-19.02.06:623][439]LogBlueprintUserMessages: Early EndPlayMap Detection: Level '/Game/TutorialMaps/BpTutorial02.BpTutorial02:PersistentLevel' has LevelScriptBlueprint '/Game/TutorialMaps/BpTutorial02.BpTutorial02:PersistentLevel.BpTutorial02' with GeneratedClass '/Game/TutorialMaps/BpTutorial02.BpTutorial02_C' with ClassGeneratedBy '/Game/TutorialMaps/BpTutorial02.BpTutorial02:PersistentLevel.BpTutorial02'
[2018.02.01-19.02.06:656][439]LogBlueprintUserMessages: Late EndPlayMap Detection: Level '/Game/TutorialMaps/BpTutorial02.BpTutorial02:PersistentLevel' has LevelScriptBlueprint '/Game/TutorialMaps/BpTutorial02.BpTutorial02:PersistentLevel.BpTutorial02' with GeneratedClass '/Game/TutorialMaps/BpTutorial02.BpTutorial02_C' with ClassGeneratedBy '/Game/TutorialMaps/BpTutorial02.BpTutorial02:PersistentLevel.BpTutorial02'
[2018.02.01-19.02.08:864][690]LogBlueprintUserMessages: Early PlayInEditor Detection: Level '/Game/TutorialMaps/BpTutorial02.BpTutorial02:PersistentLevel' has LevelScriptBlueprint '/Game/TutorialMaps/BpTutorial02.BpTutorial02:PersistentLevel.BpTutorial02' with GeneratedClass '/Game/TutorialMaps/BpTutorial02.BpTutorial02_C' with ClassGeneratedBy '/Game/TutorialMaps/BpTutorial02.BpTutorial02:PersistentLevel.BpTutorial02'
[2018.02.01-19.02.08:864][690]LogPlayLevel: PlayLevel: No blueprints needed recompiling
[2018.02.01-19.02.08:864][690]PIE: New page: PIE session: BpTutorial02 (Feb 1, 2018, 9:02:08 AM)
[2018.02.01-19.02.08:864][690]LogPlayLevel: Creating play world package: /Game/TutorialMaps/UEDPIE_0_BpTutorial02
[2018.02.01-19.02.08:869][690]LogPlayLevel: PIE: StaticDuplicateObject took: (0.004565s)
[2018.02.01-19.02.08:869][690]LogAIModule: Creating AISystem for world BpTutorial02
[2018.02.01-19.02.08:870][690]LogPlayLevel: PIE: World Init took: (0.000634s)
[2018.02.01-19.02.08:870][690]LogPlayLevel: PIE: Created PIE world by copying editor world from /Game/TutorialMaps/BpTutorial02.BpTutorial02 to /Game/TutorialMaps/UEDPIE_0_BpTutorial02.BpTutorial02 (0.005551s)
[2018.02.01-19.02.08:888][690]LogInit: XAudio2 using 'Speakers (2- High Definition Audio Device)' : 2 channels at 48 kHz using 16 bits per sample (channel mask 0x3)
[2018.02.01-19.02.08:894][690]LogInit: FAudioDevice initialized.
[2018.02.01-19.02.08:926][690]LogLoad: Game class is 'ThirdPersonGameMode_C'
[2018.02.01-19.02.08:927][690]LogWorld: Bringing World /Game/TutorialMaps/UEDPIE_0_BpTutorial02.BpTutorial02 up for play (max tick rate 0) at 2018.02.01-14.02.08
[2018.02.01-19.02.08:927][690]LogWorld: Bringing up level for play took: 0.000874
[2018.02.01-19.02.08:929][690]PIE: Play in editor start time for /Game/TutorialMaps/UEDPIE_0_BpTutorial02 -0.223
[2018.02.01-19.02.08:930][690]LogBlueprintUserMessages: Late PlayInEditor Detection: Level '/Game/TutorialMaps/BpTutorial02.BpTutorial02:PersistentLevel' has LevelScriptBlueprint '/Game/TutorialMaps/BpTutorial02.BpTutorial02:PersistentLevel.BpTutorial02' with GeneratedClass '/Game/TutorialMaps/BpTutorial02.BpTutorial02_C' with ClassGeneratedBy '/Game/TutorialMaps/BpTutorial02.BpTutorial02:PersistentLevel.BpTutorial02'
[2018.02.01-19.02.12:001][ 46]LogBlueprintUserMessages: Early EndPlayMap Detection: Level '/Game/TutorialMaps/BpTutorial02.BpTutorial02:PersistentLevel' has LevelScriptBlueprint '/Game/TutorialMaps/BpTutorial02.BpTutorial02:PersistentLevel.BpTutorial02' with GeneratedClass '/Game/TutorialMaps/BpTutorial02.BpTutorial02_C' with ClassGeneratedBy '/Game/TutorialMaps/BpTutorial02.BpTutorial02:PersistentLevel.BpTutorial02'
[2018.02.01-19.02.12:037][ 46]LogBlueprintUserMessages: Late EndPlayMap Detection: Level '/Game/TutorialMaps/BpTutorial02.BpTutorial02:PersistentLevel' has LevelScriptBlueprint '/Game/TutorialMaps/BpTutorial02.BpTutorial02:PersistentLevel.BpTutorial02' with GeneratedClass '/Game/TutorialMaps/BpTutorial02.BpTutorial02_C' with ClassGeneratedBy '/Game/TutorialMaps/BpTutorial02.BpTutorial02:PersistentLevel.BpTutorial02'
[2018.02.01-19.03.25:578][392]LogEditorViewport: Clicking on Actor (LMB): PointLight (PointLight)
[2018.02.01-19.05.32:148][257]LogSavePackage: Save=116.75ms
[2018.02.01-19.05.32:148][257]LogSavePackage: Moving '../../../../../../Users/VR Club User/Documents/Unreal Projects/AkshayBlueprintTutorial/BpTutorial02/Saved/BpTutorial02_Auto16BAFC36B487B007A011597B8955E5A3D.tmp' to '../../../../../../Users/VR Club User/Documents/Unreal Projects/AkshayBlueprintTutorial/BpTutorial02/Saved/Autosaves/Game/TutorialMaps/BpTutorial02_Auto1.umap'
[2018.02.01-19.05.32:150][257]LogSavePackage: Display: Finished SavePackage ../../../../../../Users/VR Club User/Documents/Unreal Projects/AkshayBlueprintTutorial/BpTutorial02/Saved/Autosaves/Game/TutorialMaps/BpTutorial02_Auto1.umap
[2018.02.01-19.05.32:153][257]LogFileHelpers: Editor autosave (incl. sublevels) for '/Game/TutorialMaps/BpTutorial02' took 0.148
[2018.02.01-19.05.32:153][257]LogFileHelpers: Editor autosave (incl. sublevels) for all levels took 0.148
[2018.02.01-19.09.36:954][447]LogEditorViewport: Clicking on Actor (LMB): StaticMeshActor (Floor)
[2018.02.01-19.09.44:109][185]LogEditorViewport: Clicking on Actor (LMB): PlayerStart (Player Start)
[2018.02.01-19.09.47:532][565]LogNavigationPoint: PostEditMove Clear paths rebuilt
[2018.02.01-19.10.01:180][ 66]LogNavigationPoint: PostEditMove Clear paths rebuilt
[2018.02.01-19.10.02:811][238]LogNavigationPoint: PostEditMove Clear paths rebuilt
[2018.02.01-19.10.11:025][156]LogNavigationPoint: PostEditMove Clear paths rebuilt
[2018.02.01-19.10.11:570][217]LogNavigationPoint: PostEditMove Clear paths rebuilt
[2018.02.01-19.10.12:568][326]LogEditorViewport: Clicking on Actor (LMB): StaticMeshActor (Floor)
[2018.02.01-19.10.13:703][444]LogEditorViewport: Clicking on Actor (LMB): PlayerStart (Player Start)
[2018.02.01-19.10.24:562][845]LogEditorViewport: Clicking on Actor (LMB): StaticMeshActor (Floor)
[2018.02.01-19.10.25:556][944]LogEditorViewport: Clicking on Actor (LMB): PlayerStart (Player Start)
[2018.02.01-19.10.26:211][ 13]LogEditorViewport: Clicking on Actor (LMB): StaticMeshActor (Floor)
[2018.02.01-19.10.27:070][100]LogEditorViewport: Clicking on Actor (LMB): StaticMeshActor (Floor)
[2018.02.01-19.10.28:132][213]LogEditorViewport: Clicking on Actor (LMB): PlayerStart (Player Start)
[2018.02.01-19.10.30:247][446]LogNavigationPoint: PostEditMove Clear paths rebuilt
[2018.02.01-19.10.31:700][598]LogTemp: Repeating last play command: Selected Viewport
[2018.02.01-19.10.31:715][598]LogBlueprintUserMessages: Early PlayInEditor Detection: Level '/Game/TutorialMaps/BpTutorial02.BpTutorial02:PersistentLevel' has LevelScriptBlueprint '/Game/TutorialMaps/BpTutorial02.BpTutorial02:PersistentLevel.BpTutorial02' with GeneratedClass '/Game/TutorialMaps/BpTutorial02.BpTutorial02_C' with ClassGeneratedBy '/Game/TutorialMaps/BpTutorial02.BpTutorial02:PersistentLevel.BpTutorial02'
[2018.02.01-19.10.31:715][598]BlueprintLog: New page: Pre-Play auto-recompile
[2018.02.01-19.10.31:716][598]LogPlayLevel: [PlayLevel] Compiling BpTutorial02 before play...
[2018.02.01-19.10.31:810][598]LogPlayLevel: PlayLevel: Blueprint regeneration took 95 ms (1 blueprints)
[2018.02.01-19.10.31:810][598]PIE: New page: PIE session: BpTutorial02 (Feb 1, 2018, 9:10:31 AM)
[2018.02.01-19.10.31:810][598]LogPlayLevel: Creating play world package: /Game/TutorialMaps/UEDPIE_0_BpTutorial02
[2018.02.01-19.10.31:815][598]LogPlayLevel: PIE: StaticDuplicateObject took: (0.004704s)
[2018.02.01-19.10.31:816][598]LogAIModule: Creating AISystem for world BpTutorial02
[2018.02.01-19.10.31:816][598]LogPlayLevel: PIE: World Init took: (0.000918s)
[2018.02.01-19.10.31:817][598]LogPlayLevel: PIE: Created PIE world by copying editor world from /Game/TutorialMaps/BpTutorial02.BpTutorial02 to /Game/TutorialMaps/UEDPIE_0_BpTutorial02.BpTutorial02 (0.006037s)
[2018.02.01-19.10.31:835][598]LogInit: XAudio2 using 'Speakers (2- High Definition Audio Device)' : 2 channels at 48 kHz using 16 bits per sample (channel mask 0x3)
[2018.02.01-19.10.31:842][598]LogInit: FAudioDevice initialized.
[2018.02.01-19.10.31:871][598]LogLoad: Game class is 'ThirdPersonGameMode_C'
[2018.02.01-19.10.31:873][598]LogWorld: Bringing World /Game/TutorialMaps/UEDPIE_0_BpTutorial02.BpTutorial02 up for play (max tick rate 0) at 2018.02.01-14.10.31
[2018.02.01-19.10.31:873][598]LogWorld: Bringing up level for play took: 0.000999
[2018.02.01-19.10.31:875][598]PIE: Play in editor start time for /Game/TutorialMaps/UEDPIE_0_BpTutorial02 0.722
[2018.02.01-19.10.31:875][598]LogBlueprintUserMessages: Late PlayInEditor Detection: Level '/Game/TutorialMaps/BpTutorial02.BpTutorial02:PersistentLevel' has LevelScriptBlueprint '/Game/TutorialMaps/BpTutorial02.BpTutorial02:PersistentLevel.BpTutorial02' with GeneratedClass '/Game/TutorialMaps/BpTutorial02.BpTutorial02_C' with ClassGeneratedBy '/Game/TutorialMaps/BpTutorial02.BpTutorial02:PersistentLevel.BpTutorial02'
[2018.02.01-19.10.35:269][  0]LogBlueprintUserMessages: Early EndPlayMap Detection: Level '/Game/TutorialMaps/BpTutorial02.BpTutorial02:PersistentLevel' has LevelScriptBlueprint '/Game/TutorialMaps/BpTutorial02.BpTutorial02:PersistentLevel.BpTutorial02' with GeneratedClass '/Game/TutorialMaps/BpTutorial02.BpTutorial02_C' with ClassGeneratedBy '/Game/TutorialMaps/BpTutorial02.BpTutorial02:PersistentLevel.BpTutorial02'
[2018.02.01-19.10.35:306][  0]LogBlueprintUserMessages: Late EndPlayMap Detection: Level '/Game/TutorialMaps/BpTutorial02.BpTutorial02:PersistentLevel' has LevelScriptBlueprint '/Game/TutorialMaps/BpTutorial02.BpTutorial02:PersistentLevel.BpTutorial02' with GeneratedClass '/Game/TutorialMaps/BpTutorial02.BpTutorial02_C' with ClassGeneratedBy '/Game/TutorialMaps/BpTutorial02.BpTutorial02:PersistentLevel.BpTutorial02'
[2018.02.01-19.10.37:065][205]LogEditorViewport: Clicking on Actor (LMB): PlayerStart (Player Start)
[2018.02.01-19.10.52:902][883]LogEditorViewport: Clicking on Actor (LMB): StaticMeshActor (Floor)
[2018.02.01-19.10.53:836][977]LogEditorViewport: Clicking on Actor (LMB): PlayerStart (Player Start)
[2018.02.01-19.10.54:968][ 98]LogEditorViewport: Clicking on Actor (LMB): StaticMeshActor (Floor)
[2018.02.01-19.10.57:645][376]LogEditorViewport: Clicking on Actor (LMB): PlayerStart (Player Start)
[2018.02.01-19.11.07:390][426]LogEditorViewport: Clicking on Actor (LMB): StaticMeshActor (Floor)
[2018.02.01-19.11.08:358][524]LogEditorViewport: Clicking on Actor (LMB): StaticMeshActor (Floor)
[2018.02.01-19.11.08:914][582]LogEditorViewport: Clicking on Actor (LMB): PlayerStart (Player Start)
[2018.02.01-19.11.20:984][877]LogNavigationPoint: PostEditMove Clear paths rebuilt
[2018.02.01-19.11.27:667][600]LogEditorViewport: Clicking on Actor (LMB): StaticMeshActor (Floor)
[2018.02.01-19.11.29:540][793]LogEditorViewport: Clicking on Actor (LMB): PlayerStart (Player Start)
[2018.02.01-19.11.32:325][ 94]LogEditorViewport: Clicking on Actor (context menu): PlayerStart (Player Start)
[2018.02.01-19.11.38:458][688]LogEditorViewport: Clicking on Actor (LMB): PlayerStart (Player Start)
[2018.02.01-19.11.40:794][937]LogNavigationPoint: PostEditMove Clear paths rebuilt
[2018.02.01-19.11.41:620][ 25]LogEditorViewport: Clicking on Actor (LMB): StaticMeshActor (Floor)
[2018.02.01-19.12.02:659][205]LogEditorViewport: Clicking on Actor (context menu): StaticMeshActor (Wall_Door_400x301)
[2018.02.01-19.12.04:298][352]LogEditorViewport: Clicking on Actor (LMB): StaticMeshActor (Floor)
[2018.02.01-19.13.25:077][604]LogEditorViewport: Clicking on Actor (LMB): StaticMeshActor (Floor)
[2018.02.01-19.13.32:374][341]LogEditorViewport: Clicking on Actor (LMB): StaticMeshActor (Floor)
[2018.02.01-19.13.33:328][437]LogEditorViewport: Clicking on Actor (LMB): StaticMeshActor (Floor)
[2018.02.01-19.13.33:891][493]LogEditorViewport: Clicking on Actor (LMB): TriggerBox (TriggerBox)
[2018.02.01-19.14.05:047][931]LogEditorViewport: Clicking on Actor (LMB): StaticMeshActor (Wall_Door_400x301)
[2018.02.01-19.14.06:810][106]LogEditorViewport: Clicking on Actor (LMB): TriggerBox (TriggerBox)
[2018.02.01-19.14.22:988][229]LogEditorViewport: Clicking on Actor (LMB): StaticMeshActor (Wall_Door_400x301)
[2018.02.01-19.14.23:745][302]LogEditorViewport: Clicking on Actor (LMB): StaticMeshActor (Floor)
[2018.02.01-19.14.24:331][360]LogEditorViewport: Clicking on Actor (LMB): TriggerBox (TriggerBox)
[2018.02.01-19.14.54:479][513]LogEditorViewport: Clicking on Actor (LMB): StaticMeshActor (Wall_Door_400x300)
[2018.02.01-19.15.01:919][299]LogEditorViewport: Clicking on Actor (LMB): StaticMeshActor (Wall_Door_400x301)
[2018.02.01-19.15.02:684][376]LogEditorViewport: Clicking on Actor (LMB): StaticMeshActor (Floor)
[2018.02.01-19.15.03:723][483]LogEditorViewport: Clicking on Actor (LMB): TriggerBox (TriggerBox)
[2018.02.01-19.15.35:021][827]LogEditorViewport: Clicking on Actor (LMB): TriggerBox (TriggerBox)
[2018.02.01-19.16.23:848][ 64]LogEditorViewport: Clicking on Actor (LMB): TriggerBox (TriggerBox)
[2018.02.01-19.16.28:581][562]LogEditorViewport: Clicking on Actor (LMB): StaticMeshActor (Floor)
[2018.02.01-19.16.29:342][639]LogEditorViewport: Clicking on Actor (LMB): TriggerBox (TriggerBox)
[2018.02.01-19.16.44:075][191]LogEditorViewport: Clicking on Actor (LMB): TriggerBox (TriggerBox)
[2018.02.01-19.17.26:331][669]LogEditorViewport: Clicking on Actor (LMB): StaticMeshActor (Wall_Window_400x300)
[2018.02.01-19.17.28:227][868]LogEditorViewport: Clicking on Actor (LMB): StaticMeshActor (Wall_Door_400x300)
[2018.02.01-19.17.29:077][955]LogEditorViewport: Clicking on Actor (LMB): StaticMeshActor (Floor)
[2018.02.01-19.17.32:224][268]LogEditorViewport: Clicking on Actor (LMB): TriggerBox (TriggerBox)
[2018.02.01-19.18.29:833][976]LogSavePackage: Save=113.21ms
[2018.02.01-19.18.29:833][976]LogSavePackage: Moving '../../../../../../Users/VR Club User/Documents/Unreal Projects/AkshayBlueprintTutorial/BpTutorial02/Saved/BpTutorial02_Auto2495061FA4F3A810C0D9C488976057EBC.tmp' to '../../../../../../Users/VR Club User/Documents/Unreal Projects/AkshayBlueprintTutorial/BpTutorial02/Saved/Autosaves/Game/TutorialMaps/BpTutorial02_Auto2.umap'
[2018.02.01-19.18.29:836][976]LogSavePackage: Display: Finished SavePackage ../../../../../../Users/VR Club User/Documents/Unreal Projects/AkshayBlueprintTutorial/BpTutorial02/Saved/Autosaves/Game/TutorialMaps/BpTutorial02_Auto2.umap
[2018.02.01-19.18.29:838][976]LogFileHelpers: Editor autosave (incl. sublevels) for '/Game/TutorialMaps/BpTutorial02' took 0.143
[2018.02.01-19.18.29:838][976]LogFileHelpers: Editor autosave (incl. sublevels) for all levels took 0.143
[2018.02.01-19.21.06:089][567]BlueprintLog: New page: Compile BpTutorial02
[2018.02.01-19.22.21:580][971]LogEditorViewport: Clicking on Actor (LMB): PlayerStart (Player Start)
[2018.02.01-19.22.25:523][386]LogNavigationPoint: PostEditMove Clear paths rebuilt
[2018.02.01-19.23.14:228][390]LogTemp: Repeating last play command: Selected Viewport
[2018.02.01-19.23.14:243][390]LogBlueprintUserMessages: Early PlayInEditor Detection: Level '/Game/TutorialMaps/BpTutorial02.BpTutorial02:PersistentLevel' has LevelScriptBlueprint '/Game/TutorialMaps/BpTutorial02.BpTutorial02:PersistentLevel.BpTutorial02' with GeneratedClass '/Game/TutorialMaps/BpTutorial02.BpTutorial02_C' with ClassGeneratedBy '/Game/TutorialMaps/BpTutorial02.BpTutorial02:PersistentLevel.BpTutorial02'
[2018.02.01-19.23.14:244][390]LogPlayLevel: PlayLevel: No blueprints needed recompiling
[2018.02.01-19.23.14:244][390]PIE: New page: PIE session: BpTutorial02 (Feb 1, 2018, 9:23:14 AM)
[2018.02.01-19.23.14:244][390]LogPlayLevel: Creating play world package: /Game/TutorialMaps/UEDPIE_0_BpTutorial02
[2018.02.01-19.23.14:249][390]LogPlayLevel: PIE: StaticDuplicateObject took: (0.005230s)
[2018.02.01-19.23.14:250][390]LogAIModule: Creating AISystem for world BpTutorial02
[2018.02.01-19.23.14:250][390]LogPlayLevel: PIE: World Init took: (0.000902s)
[2018.02.01-19.23.14:250][390]LogPlayLevel: PIE: Created PIE world by copying editor world from /Game/TutorialMaps/BpTutorial02.BpTutorial02 to /Game/TutorialMaps/UEDPIE_0_BpTutorial02.BpTutorial02 (0.006618s)
[2018.02.01-19.23.14:269][390]LogInit: XAudio2 using 'Speakers (2- High Definition Audio Device)' : 2 channels at 48 kHz using 16 bits per sample (channel mask 0x3)
[2018.02.01-19.23.14:275][390]LogInit: FAudioDevice initialized.
[2018.02.01-19.23.14:313][390]LogLoad: Game class is 'ThirdPersonGameMode_C'
[2018.02.01-19.23.14:315][390]LogWorld: Bringing World /Game/TutorialMaps/UEDPIE_0_BpTutorial02.BpTutorial02 up for play (max tick rate 0) at 2018.02.01-14.23.14
[2018.02.01-19.23.14:315][390]LogWorld: Bringing up level for play took: 0.001388
[2018.02.01-19.23.14:318][390]PIE: Play in editor start time for /Game/TutorialMaps/UEDPIE_0_BpTutorial02 -0.835
[2018.02.01-19.23.14:318][390]LogBlueprintUserMessages: Late PlayInEditor Detection: Level '/Game/TutorialMaps/BpTutorial02.BpTutorial02:PersistentLevel' has LevelScriptBlueprint '/Game/TutorialMaps/BpTutorial02.BpTutorial02:PersistentLevel.BpTutorial02' with GeneratedClass '/Game/TutorialMaps/BpTutorial02.BpTutorial02_C' with ClassGeneratedBy '/Game/TutorialMaps/BpTutorial02.BpTutorial02:PersistentLevel.BpTutorial02'
[2018.02.01-19.23.33:388][669]LogBlueprintUserMessages: Early EndPlayMap Detection: Level '/Game/TutorialMaps/BpTutorial02.BpTutorial02:PersistentLevel' has LevelScriptBlueprint '/Game/TutorialMaps/BpTutorial02.BpTutorial02:PersistentLevel.BpTutorial02' with GeneratedClass '/Game/TutorialMaps/BpTutorial02.BpTutorial02_C' with ClassGeneratedBy '/Game/TutorialMaps/BpTutorial02.BpTutorial02:PersistentLevel.BpTutorial02'
[2018.02.01-19.23.33:421][669]LogBlueprintUserMessages: Late EndPlayMap Detection: Level '/Game/TutorialMaps/BpTutorial02.BpTutorial02:PersistentLevel' has LevelScriptBlueprint '/Game/TutorialMaps/BpTutorial02.BpTutorial02:PersistentLevel.BpTutorial02' with GeneratedClass '/Game/TutorialMaps/BpTutorial02.BpTutorial02_C' with ClassGeneratedBy '/Game/TutorialMaps/BpTutorial02.BpTutorial02:PersistentLevel.BpTutorial02'
[2018.02.01-19.23.40:113][198]LogEditorViewport: Clicking on Actor (LMB): TriggerBox (TriggerBox)
[2018.02.01-19.24.09:938][ 76]BlueprintLog: New page: Compile BpTutorial02
[2018.02.01-19.24.36:400][709]LogSavePackage: Save=117.80ms
[2018.02.01-19.24.36:400][709]LogSavePackage: Moving '../../../../../../Users/VR Club User/Documents/Unreal Projects/AkshayBlueprintTutorial/BpTutorial02/Saved/BpTutorial02043FBD904D85778B2CDBD081D234D8D4.tmp' to '../../../../../../Users/VR Club User/Documents/Unreal Projects/AkshayBlueprintTutorial/BpTutorial02/Content/TutorialMaps/BpTutorial02.umap'
[2018.02.01-19.24.36:406][709]LogSavePackage: Display: Finished SavePackage ../../../../../../Users/VR Club User/Documents/Unreal Projects/AkshayBlueprintTutorial/BpTutorial02/Content/TutorialMaps/BpTutorial02.umap
[2018.02.01-19.24.36:436][709]LogFileHelpers: Saving map 'BpTutorial02' took 0.227
[2018.02.01-19.24.50:466][108]LogTemp: Repeating last play command: Selected Viewport
[2018.02.01-19.24.50:480][108]LogBlueprintUserMessages: Early PlayInEditor Detection: Level '/Game/TutorialMaps/BpTutorial02.BpTutorial02:PersistentLevel' has LevelScriptBlueprint '/Game/TutorialMaps/BpTutorial02.BpTutorial02:PersistentLevel.BpTutorial02' with GeneratedClass '/Game/TutorialMaps/BpTutorial02.BpTutorial02_C' with ClassGeneratedBy '/Game/TutorialMaps/BpTutorial02.BpTutorial02:PersistentLevel.BpTutorial02'
[2018.02.01-19.24.50:480][108]LogPlayLevel: PlayLevel: No blueprints needed recompiling
[2018.02.01-19.24.50:480][108]PIE: New page: PIE session: BpTutorial02 (Feb 1, 2018, 9:24:50 AM)
[2018.02.01-19.24.50:481][108]LogPlayLevel: Creating play world package: /Game/TutorialMaps/UEDPIE_0_BpTutorial02
[2018.02.01-19.24.50:485][108]LogPlayLevel: PIE: StaticDuplicateObject took: (0.004874s)
[2018.02.01-19.24.50:486][108]LogAIModule: Creating AISystem for world BpTutorial02
[2018.02.01-19.24.50:486][108]LogPlayLevel: PIE: World Init took: (0.000698s)
[2018.02.01-19.24.50:486][108]LogPlayLevel: PIE: Created PIE world by copying editor world from /Game/TutorialMaps/BpTutorial02.BpTutorial02 to /Game/TutorialMaps/UEDPIE_0_BpTutorial02.BpTutorial02 (0.005889s)
[2018.02.01-19.24.50:505][108]LogInit: XAudio2 using 'Speakers (2- High Definition Audio Device)' : 2 channels at 48 kHz using 16 bits per sample (channel mask 0x3)
[2018.02.01-19.24.50:511][108]LogInit: FAudioDevice initialized.
[2018.02.01-19.24.50:546][108]LogLoad: Game class is 'ThirdPersonGameMode_C'
[2018.02.01-19.24.50:548][108]LogWorld: Bringing World /Game/TutorialMaps/UEDPIE_0_BpTutorial02.BpTutorial02 up for play (max tick rate 0) at 2018.02.01-14.24.50
[2018.02.01-19.24.50:548][108]LogWorld: Bringing up level for play took: 0.000975
[2018.02.01-19.24.50:550][108]PIE: Play in editor start time for /Game/TutorialMaps/UEDPIE_0_BpTutorial02 -0.603
[2018.02.01-19.24.50:550][108]LogBlueprintUserMessages: Late PlayInEditor Detection: Level '/Game/TutorialMaps/BpTutorial02.BpTutorial02:PersistentLevel' has LevelScriptBlueprint '/Game/TutorialMaps/BpTutorial02.BpTutorial02:PersistentLevel.BpTutorial02' with GeneratedClass '/Game/TutorialMaps/BpTutorial02.BpTutorial02_C' with ClassGeneratedBy '/Game/TutorialMaps/BpTutorial02.BpTutorial02:PersistentLevel.BpTutorial02'
[2018.02.01-19.25.02:014][469]LogBlueprintUserMessages: Early EndPlayMap Detection: Level '/Game/TutorialMaps/BpTutorial02.BpTutorial02:PersistentLevel' has LevelScriptBlueprint '/Game/TutorialMaps/BpTutorial02.BpTutorial02:PersistentLevel.BpTutorial02' with GeneratedClass '/Game/TutorialMaps/BpTutorial02.BpTutorial02_C' with ClassGeneratedBy '/Game/TutorialMaps/BpTutorial02.BpTutorial02:PersistentLevel.BpTutorial02'
[2018.02.01-19.25.02:046][469]LogBlueprintUserMessages: Late EndPlayMap Detection: Level '/Game/TutorialMaps/BpTutorial02.BpTutorial02:PersistentLevel' has LevelScriptBlueprint '/Game/TutorialMaps/BpTutorial02.BpTutorial02:PersistentLevel.BpTutorial02' with GeneratedClass '/Game/TutorialMaps/BpTutorial02.BpTutorial02_C' with ClassGeneratedBy '/Game/TutorialMaps/BpTutorial02.BpTutorial02:PersistentLevel.BpTutorial02'
[2018.02.01-19.29.41:632][566]BlueprintLog: New page: Compile BpTutorial02
[2018.02.01-19.30.19:002][767]BlueprintLog: New page: Compile BpTutorial02
[2018.02.01-19.30.20:156][884]LogTemp: Repeating last play command: Selected Viewport
[2018.02.01-19.30.20:170][884]LogBlueprintUserMessages: Early PlayInEditor Detection: Level '/Game/TutorialMaps/BpTutorial02.BpTutorial02:PersistentLevel' has LevelScriptBlueprint '/Game/TutorialMaps/BpTutorial02.BpTutorial02:PersistentLevel.BpTutorial02' with GeneratedClass '/Game/TutorialMaps/BpTutorial02.BpTutorial02_C' with ClassGeneratedBy '/Game/TutorialMaps/BpTutorial02.BpTutorial02:PersistentLevel.BpTutorial02'
[2018.02.01-19.30.20:171][884]LogPlayLevel: PlayLevel: No blueprints needed recompiling
[2018.02.01-19.30.20:171][884]PIE: New page: PIE session: BpTutorial02 (Feb 1, 2018, 9:30:20 AM)
[2018.02.01-19.30.20:171][884]LogPlayLevel: Creating play world package: /Game/TutorialMaps/UEDPIE_0_BpTutorial02
[2018.02.01-19.30.20:176][884]LogPlayLevel: PIE: StaticDuplicateObject took: (0.004847s)
[2018.02.01-19.30.20:176][884]LogAIModule: Creating AISystem for world BpTutorial02
[2018.02.01-19.30.20:177][884]LogPlayLevel: PIE: World Init took: (0.000858s)
[2018.02.01-19.30.20:177][884]LogPlayLevel: PIE: Created PIE world by copying editor world from /Game/TutorialMaps/BpTutorial02.BpTutorial02 to /Game/TutorialMaps/UEDPIE_0_BpTutorial02.BpTutorial02 (0.006102s)
[2018.02.01-19.30.20:197][884]LogInit: XAudio2 using 'Speakers (2- High Definition Audio Device)' : 2 channels at 48 kHz using 16 bits per sample (channel mask 0x3)
[2018.02.01-19.30.20:204][884]LogInit: FAudioDevice initialized.
[2018.02.01-19.30.20:239][884]LogLoad: Game class is 'ThirdPersonGameMode_C'
[2018.02.01-19.30.20:241][884]LogWorld: Bringing World /Game/TutorialMaps/UEDPIE_0_BpTutorial02.BpTutorial02 up for play (max tick rate 0) at 2018.02.01-14.30.20
[2018.02.01-19.30.20:241][884]LogWorld: Bringing up level for play took: 0.000983
[2018.02.01-19.30.20:243][884]PIE: Play in editor start time for /Game/TutorialMaps/UEDPIE_0_BpTutorial02 -0.909
[2018.02.01-19.30.20:244][884]LogBlueprintUserMessages: Late PlayInEditor Detection: Level '/Game/TutorialMaps/BpTutorial02.BpTutorial02:PersistentLevel' has LevelScriptBlueprint '/Game/TutorialMaps/BpTutorial02.BpTutorial02:PersistentLevel.BpTutorial02' with GeneratedClass '/Game/TutorialMaps/BpTutorial02.BpTutorial02_C' with ClassGeneratedBy '/Game/TutorialMaps/BpTutorial02.BpTutorial02:PersistentLevel.BpTutorial02'
[2018.02.01-19.30.47:881][ 22]LogBlueprintUserMessages: Early EndPlayMap Detection: Level '/Game/TutorialMaps/BpTutorial02.BpTutorial02:PersistentLevel' has LevelScriptBlueprint '/Game/TutorialMaps/BpTutorial02.BpTutorial02:PersistentLevel.BpTutorial02' with GeneratedClass '/Game/TutorialMaps/BpTutorial02.BpTutorial02_C' with ClassGeneratedBy '/Game/TutorialMaps/BpTutorial02.BpTutorial02:PersistentLevel.BpTutorial02'
[2018.02.01-19.30.47:920][ 22]LogBlueprintUserMessages: Late EndPlayMap Detection: Level '/Game/TutorialMaps/BpTutorial02.BpTutorial02:PersistentLevel' has LevelScriptBlueprint '/Game/TutorialMaps/BpTutorial02.BpTutorial02:PersistentLevel.BpTutorial02' with GeneratedClass '/Game/TutorialMaps/BpTutorial02.BpTutorial02_C' with ClassGeneratedBy '/Game/TutorialMaps/BpTutorial02.BpTutorial02:PersistentLevel.BpTutorial02'
[2018.02.01-19.30.50:876][335]LogSavePackage: Save=121.64ms
[2018.02.01-19.30.50:876][335]LogSavePackage: Moving '../../../../../../Users/VR Club User/Documents/Unreal Projects/AkshayBlueprintTutorial/BpTutorial02/Saved/BpTutorial02DFDD664C42E6EE80EE6E3F9E0B5BF004.tmp' to '../../../../../../Users/VR Club User/Documents/Unreal Projects/AkshayBlueprintTutorial/BpTutorial02/Content/TutorialMaps/BpTutorial02.umap'
[2018.02.01-19.30.50:880][335]LogSavePackage: Display: Finished SavePackage ../../../../../../Users/VR Club User/Documents/Unreal Projects/AkshayBlueprintTutorial/BpTutorial02/Content/TutorialMaps/BpTutorial02.umap
[2018.02.01-19.30.50:902][335]LogFileHelpers: Saving map 'BpTutorial02' took 0.221
[2018.02.01-19.30.52:319][483]LogSavePackage: Save=122.09ms
[2018.02.01-19.30.52:319][483]LogSavePackage: Moving '../../../../../../Users/VR Club User/Documents/Unreal Projects/AkshayBlueprintTutorial/BpTutorial02/Saved/BpTutorial02575BAAF94FB850EA2B21DBA7A92CE6D3.tmp' to '../../../../../../Users/VR Club User/Documents/Unreal Projects/AkshayBlueprintTutorial/BpTutorial02/Content/TutorialMaps/BpTutorial02.umap'
[2018.02.01-19.30.52:323][483]LogSavePackage: Display: Finished SavePackage ../../../../../../Users/VR Club User/Documents/Unreal Projects/AkshayBlueprintTutorial/BpTutorial02/Content/TutorialMaps/BpTutorial02.umap
[2018.02.01-19.30.52:364][483]LogSavePackage: Save=12.45ms
[2018.02.01-19.30.52:364][483]LogSavePackage: Moving '../../../../../../Users/VR Club User/Documents/Unreal Projects/AkshayBlueprintTutorial/BpTutorial02/Saved/BpTutorial02_BuiltData02D77DCD4EA24B26FFA4B5919193B411.tmp' to '../../../../../../Users/VR Club User/Documents/Unreal Projects/AkshayBlueprintTutorial/BpTutorial02/Content/TutorialMaps/BpTutorial02_BuiltData.uasset'
[2018.02.01-19.30.52:365][483]LogSavePackage: Display: Finished SavePackage ../../../../../../Users/VR Club User/Documents/Unreal Projects/AkshayBlueprintTutorial/BpTutorial02/Content/TutorialMaps/BpTutorial02_BuiltData.uasset
