Log file open, 02/01/18 13:38:53
LogWindows: Failed to load 'aqProf.dll' (GetLastError=126)
LogWindows: File 'aqProf.dll' does not exist
LogWindows: Failed to load 'VSPerf140.dll' (GetLastError=126)
LogWindows: File 'VSPerf140.dll' does not exist
LogWindows: Failed to load 'VtuneApi.dll' (GetLastError=126)
LogWindows: File 'VtuneApi.dll' does not exist
LogWindows: Failed to load 'VtuneApi32e.dll' (GetLastError=126)
LogWindows: File 'VtuneApi32e.dll' does not exist
LogInit: Display: Running engine for game: Project_Blueprint
LogPlatformFile: Not using cached read wrapper
LogInit: Display: RandInit(-953433604) SRandInit(-953433604).
LogInit: Read version file with build ID '3709383'
LogInit: Overriding engine version to CL 3832480, compatible CL 3709383
LogInit: Registered custom module enumerator with build ID '3709383'
LogTaskGraph: Started task graph with 5 named threads and 14 total threads with 3 sets of task threads.
LogStats: Stats thread started at 0.170203
LogD3D11RHI: Aftermath initialized
LogModuleManager: Display: Found up-to-date module file ../../../Engine/Plugins/2D/Paper2D/Binaries/Win64/UE4Editor-Paper2D.dll (API version 3709383).
LogModuleManager: Display: Found up-to-date module file ../../../Engine/Plugins/2D/Paper2D/Binaries/Win64/UE4Editor-Paper2DEditor.dll (API version 3709383).
LogModuleManager: Display: Found up-to-date module file ../../../Engine/Plugins/2D/Paper2D/Binaries/Win64/UE4Editor-PaperSpriteSheetImporter.dll (API version 3709383).
LogModuleManager: Display: Found up-to-date module file ../../../Engine/Plugins/2D/Paper2D/Binaries/Win64/UE4Editor-PaperTiledImporter.dll (API version 3709383).
LogModuleManager: Display: Found up-to-date module file ../../../Engine/Plugins/2D/Paper2D/Binaries/Win64/UE4Editor-SmartSnapping.dll (API version 3709383).
LogModuleManager: Display: Found up-to-date module file ../../../Engine/Plugins/Blendables/LightPropagationVolume/Binaries/Win64/UE4Editor-LightPropagationVolumeRuntime.dll (API version 3709383).
LogModuleManager: Display: Found up-to-date module file ../../../Engine/Plugins/Blendables/LightPropagationVolume/Binaries/Win64/UE4Editor-LightPropagationVolumeEditor.dll (API version 3709383).
LogModuleManager: Display: Found up-to-date module file ../../../Engine/Plugins/Developer/GitSourceControl/Binaries/Win64/UE4Editor-GitSourceControl.dll (API version 3709383).
LogModuleManager: Display: Found up-to-date module file ../../../Engine/Plugins/Developer/PerforceSourceControl/Binaries/Win64/UE4Editor-PerforceSourceControl.dll (API version 3709383).
LogModuleManager: Display: Found up-to-date module file ../../../Engine/Plugins/Developer/SubversionSourceControl/Binaries/Win64/UE4Editor-SubversionSourceControl.dll (API version 3709383).
LogModuleManager: Display: Found up-to-date module file ../../../Engine/Plugins/Developer/UObjectPlugin/Binaries/Win64/UE4Editor-UObjectPlugin.dll (API version 3709383).
LogModuleManager: Display: Found up-to-date module file ../../../Engine/Plugins/Developer/VisualStudioCodeSourceCodeAccess/Binaries/Win64/UE4Editor-VisualStudioCodeSourceCodeAccess.dll (API version 3709383).
LogModuleManager: Display: Found up-to-date module file ../../../Engine/Plugins/Developer/VisualStudioSourceCodeAccess/Binaries/Win64/UE4Editor-VisualStudioSourceCodeAccess.dll (API version 3709383).
LogModuleManager: Display: Found up-to-date module file ../../../Engine/Plugins/Editor/AssetManagerEditor/Binaries/Win64/UE4Editor-AssetManagerEditor.dll (API version 3709383).
LogModuleManager: Display: Found up-to-date module file ../../../Engine/Plugins/Editor/AudioCapture/Binaries/Win64/UE4Editor-AudioCapture.dll (API version 3709383).
LogModuleManager: Display: Found up-to-date module file ../../../Engine/Plugins/Editor/FacialAnimation/Binaries/Win64/UE4Editor-FacialAnimation.dll (API version 3709383).
LogModuleManager: Display: Found up-to-date module file ../../../Engine/Plugins/Editor/FacialAnimation/Binaries/Win64/UE4Editor-FacialAnimationEditor.dll (API version 3709383).
LogModuleManager: Display: Found up-to-date module file ../../../Engine/Plugins/Editor/GameplayTagsEditor/Binaries/Win64/UE4Editor-GameplayTagsEditor.dll (API version 3709383).
LogModuleManager: Display: Found up-to-date module file ../../../Engine/Plugins/Editor/MobileLauncherProfileWizard/Binaries/Win64/UE4Editor-MobileLauncherProfileWizard.dll (API version 3709383).
LogModuleManager: Display: Found up-to-date module file ../../../Engine/Plugins/Editor/PluginBrowser/Binaries/Win64/UE4Editor-PluginBrowser.dll (API version 3709383).
LogModuleManager: Display: Found up-to-date module file ../../../Engine/Plugins/Editor/SpeedTreeImporter/Binaries/Win64/UE4Editor-SpeedTreeImporter.dll (API version 3709383).
LogModuleManager: Display: Found up-to-date module file ../../../Engine/Plugins/Experimental/AlembicImporter/Binaries/Win64/UE4Editor-AlembicImporter.dll (API version 3709383).
LogModuleManager: Display: Found up-to-date module file ../../../Engine/Plugins/Experimental/AlembicImporter/Binaries/Win64/UE4Editor-AlembicLibrary.dll (API version 3709383).
LogModuleManager: Display: Found up-to-date module file ../../../Engine/Plugins/Experimental/CharacterAI/Binaries/Win64/UE4Editor-CharacterAI.dll (API version 3709383).
LogModuleManager: Display: Found up-to-date module file ../../../Engine/Plugins/Experimental/HTML5Networking/Binaries/Win64/UE4Editor-HTML5Networking.dll (API version 3709383).
LogModuleManager: Display: Found up-to-date module file ../../../Engine/Plugins/Media/AndroidMedia/Binaries/Win64/UE4Editor-AndroidMediaEditor.dll (API version 3709383).
LogModuleManager: Display: Found up-to-date module file ../../../Engine/Plugins/Media/AndroidMedia/Binaries/Win64/UE4Editor-AndroidMediaFactory.dll (API version 3709383).
LogModuleManager: Display: Found up-to-date module file ../../../Engine/Plugins/Media/AvfMedia/Binaries/Win64/UE4Editor-AvfMediaEditor.dll (API version 3709383).
LogModuleManager: Display: Found up-to-date module file ../../../Engine/Plugins/Media/AvfMedia/Binaries/Win64/UE4Editor-AvfMediaFactory.dll (API version 3709383).
LogModuleManager: Display: Found up-to-date module file ../../../Engine/Plugins/Media/AvfMedia/Binaries/Win64/UE4Editor-AvfMediaFactory.dll (API version 3709383).
LogModuleManager: Display: Found up-to-date module file ../../../Engine/Plugins/Media/ImgMedia/Binaries/Win64/UE4Editor-ImgMedia.dll (API version 3709383).
LogModuleManager: Display: Found up-to-date module file ../../../Engine/Plugins/Media/ImgMedia/Binaries/Win64/UE4Editor-ImgMediaEditor.dll (API version 3709383).
LogModuleManager: Display: Found up-to-date module file ../../../Engine/Plugins/Media/ImgMedia/Binaries/Win64/UE4Editor-ImgMediaFactory.dll (API version 3709383).
LogModuleManager: Display: Found up-to-date module file ../../../Engine/Plugins/Media/ImgMedia/Binaries/Win64/UE4Editor-ImgMediaFactory.dll (API version 3709383).
LogModuleManager: Display: Found up-to-date module file ../../../Engine/Plugins/Media/ImgMedia/Binaries/Win64/UE4Editor-OpenExrWrapper.dll (API version 3709383).
LogModuleManager: Display: Found up-to-date module file ../../../Engine/Plugins/Media/MediaCompositing/Binaries/Win64/UE4Editor-MediaCompositing.dll (API version 3709383).
LogModuleManager: Display: Found up-to-date module file ../../../Engine/Plugins/Media/MediaCompositing/Binaries/Win64/UE4Editor-MediaCompositingEditor.dll (API version 3709383).
LogModuleManager: Display: Found up-to-date module file ../../../Engine/Plugins/Media/MediaPlayerEditor/Binaries/Win64/UE4Editor-MediaPlayerEditor.dll (API version 3709383).
LogModuleManager: Display: Found up-to-date module file ../../../Engine/Plugins/Media/WmfMedia/Binaries/Win64/UE4Editor-WmfMedia.dll (API version 3709383).
LogModuleManager: Display: Found up-to-date module file ../../../Engine/Plugins/Media/WmfMedia/Binaries/Win64/UE4Editor-WmfMediaEditor.dll (API version 3709383).
LogModuleManager: Display: Found up-to-date module file ../../../Engine/Plugins/Media/WmfMedia/Binaries/Win64/UE4Editor-WmfMediaFactory.dll (API version 3709383).
LogModuleManager: Display: Found up-to-date module file ../../../Engine/Plugins/Media/WmfMedia/Binaries/Win64/UE4Editor-WmfMediaFactory.dll (API version 3709383).
LogModuleManager: Display: Found up-to-date module file ../../../Engine/Plugins/Messaging/TcpMessaging/Binaries/Win64/UE4Editor-TcpMessaging.dll (API version 3709383).
LogModuleManager: Display: Found up-to-date module file ../../../Engine/Plugins/Messaging/UdpMessaging/Binaries/Win64/UE4Editor-UdpMessaging.dll (API version 3709383).
LogModuleManager: Display: Found up-to-date module file ../../../Engine/Plugins/MovieScene/ActorSequence/Binaries/Win64/UE4Editor-ActorSequence.dll (API version 3709383).
LogModuleManager: Display: Found up-to-date module file ../../../Engine/Plugins/MovieScene/LevelSequenceEditor/Binaries/Win64/UE4Editor-LevelSequenceEditor.dll (API version 3709383).
LogModuleManager: Display: Found up-to-date module file ../../../Engine/Plugins/MovieScene/MatineeToLevelSequence/Binaries/Win64/UE4Editor-MatineeToLevelSequence.dll (API version 3709383).
LogModuleManager: Display: Found up-to-date module file ../../../Engine/Plugins/Online/OnlineSubsystem/Binaries/Win64/UE4Editor-OnlineSubsystem.dll (API version 3709383).
LogModuleManager: Display: Found up-to-date module file ../../../Engine/Plugins/Runtime/AndroidPermission/Binaries/Win64/UE4Editor-AndroidPermission.dll (API version 3709383).
LogModuleManager: Display: Found up-to-date module file ../../../Engine/Plugins/Online/OnlineSubsystemNull/Binaries/Win64/UE4Editor-OnlineSubsystemNull.dll (API version 3709383).
LogModuleManager: Display: Found up-to-date module file ../../../Engine/Plugins/Online/OnlineSubsystemUtils/Binaries/Win64/UE4Editor-OnlineSubsystemUtils.dll (API version 3709383).
LogModuleManager: Display: Found up-to-date module file ../../../Engine/Plugins/Online/OnlineSubsystemUtils/Binaries/Win64/UE4Editor-OnlineBlueprintSupport.dll (API version 3709383).
LogModuleManager: Display: Found up-to-date module file ../../../Engine/Plugins/Runtime/AndroidDeviceProfileSelector/Binaries/Win64/UE4Editor-AndroidDeviceProfileSelector.dll (API version 3709383).
LogModuleManager: Display: Found up-to-date module file ../../../Engine/Plugins/Runtime/AppleARKit/Binaries/Win64/UE4Editor-AppleARKit.dll (API version 3709383).
LogModuleManager: Display: Found up-to-date module file ../../../Engine/Plugins/Runtime/ArchVisCharacter/Binaries/Win64/UE4Editor-ArchVisCharacter.dll (API version 3709383).
LogModuleManager: Display: Found up-to-date module file ../../../Engine/Plugins/Runtime/CableComponent/Binaries/Win64/UE4Editor-CableComponent.dll (API version 3709383).
LogModuleManager: Display: Found up-to-date module file ../../../Engine/Plugins/Runtime/CustomMeshComponent/Binaries/Win64/UE4Editor-CustomMeshComponent.dll (API version 3709383).
LogModuleManager: Display: Found up-to-date module file ../../../Engine/Plugins/Runtime/ExampleDeviceProfileSelector/Binaries/Win64/UE4Editor-ExampleDeviceProfileSelector.dll (API version 3709383).
LogModuleManager: Display: Found up-to-date module file ../../../Engine/Plugins/Runtime/ImmediatePhysics/Binaries/Win64/UE4Editor-ImmediatePhysics.dll (API version 3709383).
LogModuleManager: Display: Found up-to-date module file ../../../Engine/Plugins/Runtime/ImmediatePhysics/Binaries/Win64/UE4Editor-ImmediatePhysicsEditor.dll (API version 3709383).
LogModuleManager: Display: Found up-to-date module file ../../../Engine/Plugins/Runtime/LocationServicesBPLibrary/Binaries/Win64/UE4Editor-LocationServicesBPLibrary.dll (API version 3709383).
LogModuleManager: Display: Found up-to-date module file ../../../Engine/Plugins/Runtime/MobilePatchingUtils/Binaries/Win64/UE4Editor-MobilePatchingUtils.dll (API version 3709383).
LogModuleManager: Display: Found up-to-date module file ../../../Engine/Plugins/Runtime/Oculus/OculusVR/Binaries/Win64/UE4Editor-OculusHMD.dll (API version 3709383).
LogModuleManager: Display: Found up-to-date module file ../../../Engine/Plugins/Runtime/Oculus/OculusVR/Binaries/Win64/UE4Editor-OculusInput.dll (API version 3709383).
LogModuleManager: Display: Found up-to-date module file ../../../Engine/Plugins/Runtime/Oculus/OculusVR/Binaries/Win64/UE4Editor-OculusEditor.dll (API version 3709383).
LogModuleManager: Display: Found up-to-date module file ../../../Engine/Plugins/Runtime/PhysXVehicles/Binaries/Win64/UE4Editor-PhysXVehicles.dll (API version 3709383).
LogModuleManager: Display: Found up-to-date module file ../../../Engine/Plugins/Runtime/PhysXVehicles/Binaries/Win64/UE4Editor-PhysXVehiclesEditor.dll (API version 3709383).
LogModuleManager: Display: Found up-to-date module file ../../../Engine/Plugins/Runtime/ProceduralMeshComponent/Binaries/Win64/UE4Editor-ProceduralMeshComponent.dll (API version 3709383).
LogModuleManager: Display: Found up-to-date module file ../../../Engine/Plugins/Runtime/ProceduralMeshComponent/Binaries/Win64/UE4Editor-ProceduralMeshComponentEditor.dll (API version 3709383).
LogModuleManager: Display: Found up-to-date module file ../../../Engine/Plugins/Runtime/RuntimePhysXCooking/Binaries/Win64/UE4Editor-RuntimePhysXCooking.dll (API version 3709383).
LogModuleManager: Display: Found up-to-date module file ../../../Engine/Plugins/Runtime/Steam/SteamVR/Binaries/Win64/UE4Editor-SteamVR.dll (API version 3709383).
LogModuleManager: Display: Found up-to-date module file ../../../Engine/Plugins/Runtime/Steam/SteamVR/Binaries/Win64/UE4Editor-SteamVRController.dll (API version 3709383).
LogModuleManager: Display: Found up-to-date module file ../../../Engine/Plugins/Runtime/WindowsMoviePlayer/Binaries/Win64/UE4Editor-WindowsMoviePlayer.dll (API version 3709383).
LogPluginManager: Mounting plugin Paper2D
LogPluginManager: Mounting plugin LightPropagationVolume
LogPluginManager: Mounting plugin CodeLiteSourceCodeAccess
LogPluginManager: Mounting plugin GitSourceControl
LogPluginManager: Mounting plugin KDevelopSourceCodeAccess
LogPluginManager: Mounting plugin NullSourceCodeAccess
LogPluginManager: Mounting plugin PerforceSourceControl
LogPluginManager: Mounting plugin SubversionSourceControl
LogPluginManager: Mounting plugin UObjectPlugin
LogPluginManager: Mounting plugin VisualStudioCodeSourceCodeAccess
LogPluginManager: Mounting plugin VisualStudioSourceCodeAccess
LogPluginManager: Mounting plugin XCodeSourceCodeAccess
LogPluginManager: Mounting plugin AssetManagerEditor
LogPluginManager: Mounting plugin AudioCapture
LogPluginManager: Mounting plugin FacialAnimation
LogPluginManager: Mounting plugin GameplayTagsEditor
LogPluginManager: Mounting plugin MobileLauncherProfileWizard
LogPluginManager: Mounting plugin PluginBrowser
LogPluginManager: Mounting plugin SpeedTreeImporter
LogPluginManager: Mounting plugin AlembicImporter
LogPluginManager: Mounting plugin CharacterAI
LogPluginManager: Mounting plugin HTML5Networking
LogPluginManager: Mounting plugin AndroidMedia
LogPluginManager: Mounting plugin AvfMedia
LogPluginManager: Mounting plugin ImgMedia
LogPluginManager: Mounting plugin MediaCompositing
LogPluginManager: Mounting plugin MediaPlayerEditor
LogPluginManager: Mounting plugin WmfMedia
LogPluginManager: Mounting plugin TcpMessaging
LogPluginManager: Mounting plugin UdpMessaging
LogPluginManager: Mounting plugin ActorSequence
LogPluginManager: Mounting plugin LevelSequenceEditor
LogPluginManager: Mounting plugin MatineeToLevelSequence
LogPluginManager: Mounting plugin OnlineSubsystemGooglePlay
LogPluginManager: Mounting plugin OnlineSubsystemIOS
LogPluginManager: Mounting plugin OnlineSubsystem
LogPluginManager: Mounting plugin OnlineSubsystemNull
LogPluginManager: Mounting plugin OnlineSubsystemUtils
LogPluginManager: Mounting plugin AndroidDeviceProfileSelector
LogPluginManager: Mounting plugin AndroidMoviePlayer
LogPluginManager: Mounting plugin AndroidPermission
LogPluginManager: Mounting plugin AppleARKit
LogPluginManager: Mounting plugin AppleMoviePlayer
LogPluginManager: Mounting plugin ArchVisCharacter
LogPluginManager: Mounting plugin CableComponent
LogPluginManager: Mounting plugin CustomMeshComponent
LogPluginManager: Mounting plugin ExampleDeviceProfileSelector
LogPluginManager: Mounting plugin GoogleCloudMessaging
LogPluginManager: Mounting plugin ImmediatePhysics
LogPluginManager: Mounting plugin IOSDeviceProfileSelector
LogPluginManager: Mounting plugin LinuxDeviceProfileSelector
LogPluginManager: Mounting plugin LocationServicesBPLibrary
LogPluginManager: Mounting plugin MobilePatchingUtils
LogPluginManager: Mounting plugin OculusVR
LogPluginManager: Plugin shader directory ../../../Engine/Plugins/Runtime/Oculus/OculusVR/Shaders found
LogPluginManager: Mapping shader source directory ../../../Engine/Plugins/Runtime/Oculus/OculusVR/Shaders to virtual directory /Plugin/OculusVR
LogPluginManager: Mounting plugin PhysXVehicles
LogPluginManager: Mounting plugin ProceduralMeshComponent
LogPluginManager: Mounting plugin RuntimePhysXCooking
LogPluginManager: Mounting plugin SteamVR
LogPluginManager: Mounting plugin WindowsMoviePlayer
LogInit: Using libcurl 7.47.1
LogInit:  - built for x86_64-pc-win32
LogInit:  - supports SSL with OpenSSL/1.0.2g
LogInit:  - supports HTTP deflate (compression) using libz 1.2.8
LogInit:  - other features:
LogInit:      CURL_VERSION_SSL
LogInit:      CURL_VERSION_LIBZ
LogInit:      CURL_VERSION_IPV6
LogInit:      CURL_VERSION_ASYNCHDNS
LogInit:      CURL_VERSION_LARGEFILE
LogInit:      CURL_VERSION_IDN
LogInit:  CurlRequestOptions (configurable via config and command line):
LogInit:  - bVerifyPeer = false  - Libcurl will NOT verify peer certificate
LogInit:  - bUseHttpProxy = false  - Libcurl will NOT use HTTP proxy
LogInit:  - bDontReuseConnections = false  - Libcurl will reuse connections
LogInit:  - CertBundlePath = nullptr  - Libcurl will use whatever was configured at build time.
LogInit: Build: ++UE4+Release-4.18-CL-3832480
LogInit: Engine Version: 4.18.3-3832480+++UE4+Release-4.18
LogInit: Compatible Engine Version: 4.18.0-3709383+++UE4+Release-4.18
LogInit: Net CL: 3709383
LogDevObjectVersion: Number of dev versions registered: 16
LogDevObjectVersion:   Dev-Blueprints (B0D832E4-1F89-4F0D-ACCF-7EB736FD4AA2): 10
LogDevObjectVersion:   Dev-Build (E1C64328-A22C-4D53-A36C-8E866417BD8C): 0
LogDevObjectVersion:   Dev-Core (375EC13C-06E4-48FB-B500-84F0262A717E): 2
LogDevObjectVersion:   Dev-Editor (E4B068ED-F494-42E9-A231-DA0B2E46BB41): 20
LogDevObjectVersion:   Dev-Framework (CFFC743F-43B0-4480-9391-14DF171D2073): 30
LogDevObjectVersion:   Dev-Mobile (B02B49B5-BB20-44E9-A304-32B752E40360): 0
LogDevObjectVersion:   Dev-Networking (A4E4105C-59A1-49B5-A7C5-40C4547EDFEE): 0
LogDevObjectVersion:   Dev-Online (39C831C9-5AE6-47DC-9A44-9C173E1C8E7C): 0
LogDevObjectVersion:   Dev-Physics (78F01B33-EBEA-4F98-B9B4-84EACCB95AA2): 0
LogDevObjectVersion:   Dev-Platform (6631380F-2D4D-43E0-8009-CF276956A95A): 0
LogDevObjectVersion:   Dev-Rendering (12F88B9F-8875-4AFC-A67C-D90C383ABD29): 20
LogDevObjectVersion:   Dev-Sequencer (7B5AE74C-D270-4C10-A958-57980B212A5A): 4
LogDevObjectVersion:   Dev-VR (D7296918-1DD6-4BDD-9DE2-64A83CC13884): 0
LogDevObjectVersion:   Dev-LoadTimes (C2A15278-BFE7-4AFE-6C17-90FF531DF755): 1
LogDevObjectVersion:   Private-Geometry (6EACA3D4-40EC-4CC1-B786-8BED09428FC5): 1
LogDevObjectVersion:   Dev-AnimPhys (29E575DD-E0A3-4627-9D10-D276232CDCEA): 12
LogInit: Compiled (64-bit): Jan 12 2018 02:04:55
LogInit: Compiled with Visual C++: 19.00.24215.01
LogInit: Build Configuration: Development
LogInit: Branch Name: ++UE4+Release-4.18
LogInit: Command line: -EpicPortal 
LogInit: Base directory: C:/Program Files/Epic Games/UE_4.18/Engine/Binaries/Win64/
LogInit: Installed Engine Build: 1
LogInit: Presizing for max 8388607 objects, including 0 objects not considered by GC, pre-allocating 0 bytes for permanent pool.
LogInit: Object subsystem initialized
[2018.02.01-18.38.54:607][  0]LogInit: Selected Device Profile: [Windows]
[2018.02.01-18.38.54:607][  0]LogInit: Applying CVar settings loaded from the selected device profile: [Windows]
[2018.02.01-18.38.54:618][  0]LogInit: Computer: JUNE
[2018.02.01-18.38.54:618][  0]LogInit: User: VRClubUser
[2018.02.01-18.38.54:618][  0]LogInit: CPU Page size=4096, Cores=4
[2018.02.01-18.38.54:618][  0]LogInit: High frequency timer resolution =3.905111 MHz
[2018.02.01-18.38.54:618][  0]LogMemory: Memory total: Physical=32.0GB (32GB approx)
[2018.02.01-18.38.54:618][  0]LogMemory: Platform Memory Stats for Windows
[2018.02.01-18.38.54:618][  0]LogMemory: Process Physical Memory: 274.91 MB used, 274.91 MB peak
[2018.02.01-18.38.54:618][  0]LogMemory: Process Virtual Memory: 271.83 MB used, 271.83 MB peak
[2018.02.01-18.38.54:618][  0]LogMemory: Physical Memory: 4731.01 MB used,  27986.56 MB free, 32717.57 MB total
[2018.02.01-18.38.54:618][  0]LogMemory: Virtual Memory: 682.46 MB used,  27986.56 MB free, 134217728.00 MB total
[2018.02.01-18.38.54:731][  0]LogInit: Using OS detected language (en-US).
[2018.02.01-18.38.54:731][  0]LogInit: Using OS detected locale (en-US).
[2018.02.01-18.38.54:734][  0]LogTextLocalizationManager: No specific localization for 'en-US' exists, so the 'en' localization will be used.
[2018.02.01-18.38.55:071][  0]LogInit: Setting process to per monitor DPI aware
[2018.02.01-18.38.55:279][  0]LogD3D11RHI: D3D11 adapters:
[2018.02.01-18.38.55:335][  0]LogD3D11RHI:    0. 'NVIDIA GeForce GTX 1080' (Feature Level 11_0)
[2018.02.01-18.38.55:335][  0]LogD3D11RHI:       8086/0/16358 MB DedicatedVideo/DedicatedSystem/SharedSystem, Outputs:2, VendorId:0x10de
[2018.02.01-18.38.55:337][  0]LogD3D11RHI:    1. 'Microsoft Basic Render Driver' (Feature Level 11_0)
[2018.02.01-18.38.55:337][  0]LogD3D11RHI:       0/0/16358 MB DedicatedVideo/DedicatedSystem/SharedSystem, Outputs:0, VendorId:0x1414
[2018.02.01-18.38.55:337][  0]LogD3D11RHI: Chosen D3D11 Adapter: 0
[2018.02.01-18.38.55:341][  0]LogD3D11RHI: Creating new Direct3DDevice
[2018.02.01-18.38.55:341][  0]LogD3D11RHI:     GPU DeviceId: 0x1b80 (for the marketing name, search the web for "GPU Device Id")
[2018.02.01-18.38.55:341][  0]LogWindows: EnumDisplayDevices:
[2018.02.01-18.38.55:341][  0]LogWindows:    0. 'NVIDIA GeForce GTX 1080' (P:1 D:1)
[2018.02.01-18.38.55:341][  0]LogWindows:    1. 'NVIDIA GeForce GTX 1080' (P:0 D:1)
[2018.02.01-18.38.55:341][  0]LogWindows:    2. 'NVIDIA GeForce GTX 1080' (P:0 D:0)
[2018.02.01-18.38.55:341][  0]LogWindows:    3. 'NVIDIA GeForce GTX 1080' (P:0 D:0)
[2018.02.01-18.38.55:341][  0]LogWindows: DebugString: GetVideoDriverDetailsInvalid PrimaryIsNotTheChoosenAdapter GetVideoDriverDetailsInvalid PrimaryIsNotTheChoosenAdapter GetVideoDriverDetailsInvalid PrimaryIsNotTheChoosenAdapter GetVideoDriverDetailsInvalid PrimaryIsNotTheChoosenAdapter FoundDriverCount:0 
[2018.02.01-18.38.55:341][  0]LogD3D11RHI:     Adapter Name: NVIDIA GeForce GTX 1080
[2018.02.01-18.38.55:341][  0]LogD3D11RHI:   Driver Version: Unknown (internal:Unknown, unified:Unknown)
[2018.02.01-18.38.55:341][  0]LogD3D11RHI:      Driver Date: Unknown
[2018.02.01-18.38.55:341][  0]LogRHI: Texture pool is 5660 MB (70% of 8086 MB)
[2018.02.01-18.38.55:370][  0]LogD3D11RHI: Async texture creation enabled
[2018.02.01-18.38.55:403][  0]LogD3D11RHI: GPU Timing Frequency: 1000.000000 (Debug: 2 5)
[2018.02.01-18.38.55:404][  0]LogShaderCompilers: Guid format shader working directory is -69 characters bigger than the processId version (../../../../../../Users/VR Club User/Documents/Unreal Projects/AkshayBlueprintTutorial/BpTutorial02_Real/Project_Blueprint/Intermediate/Shaders/WorkingDirectory/6920/).
[2018.02.01-18.38.55:404][  0]LogShaderCompilers: Cleaned the shader compiler working directory 'C:/Users/VR Club User/AppData/Local/Temp/UnrealShaderWorkingDir/CC56CF1543807E75CC7DE9B651BCE586/'.
[2018.02.01-18.38.55:404][  0]LogShaderCompilers: Display: Using Local Shader Compiler.
[2018.02.01-18.38.56:171][  0]LogTemp: Display: Loaded TP AllDesktopTargetPlatform
[2018.02.01-18.38.56:213][  0]LogTemp: Display: Loaded TP MacClientTargetPlatform
[2018.02.01-18.38.56:255][  0]LogTemp: Display: Loaded TP MacNoEditorTargetPlatform
[2018.02.01-18.38.56:297][  0]LogTemp: Display: Loaded TP MacServerTargetPlatform
[2018.02.01-18.38.56:340][  0]LogTemp: Display: Loaded TP MacTargetPlatform
[2018.02.01-18.38.56:383][  0]LogTemp: Display: Loaded TP WindowsClientTargetPlatform
[2018.02.01-18.38.56:426][  0]LogTemp: Display: Loaded TP WindowsNoEditorTargetPlatform
[2018.02.01-18.38.56:468][  0]LogTemp: Display: Loaded TP WindowsServerTargetPlatform
[2018.02.01-18.38.56:505][  0]LogTemp: Display: Loaded TP WindowsTargetPlatform
[2018.02.01-18.38.56:545][  0]LogTemp: Display: Loaded TP Android_ASTCTargetPlatform
[2018.02.01-18.38.56:585][  0]LogTemp: Display: Loaded TP Android_ATCTargetPlatform
[2018.02.01-18.38.56:625][  0]LogTemp: Display: Loaded TP Android_DXTTargetPlatform
[2018.02.01-18.38.56:665][  0]LogTemp: Display: Loaded TP Android_ETC1TargetPlatform
[2018.02.01-18.38.56:704][  0]LogTemp: Display: Loaded TP Android_ETC2TargetPlatform
[2018.02.01-18.38.56:806][  0]LogTemp: Display: Loaded TP Android_MultiTargetPlatform
[2018.02.01-18.38.56:807][  0]LogTemp: Display: Loaded TP Android_PVRTCTargetPlatform
[2018.02.01-18.38.56:846][  0]LogTemp: Display: Loaded TP AndroidTargetPlatform
[2018.02.01-18.38.56:878][  0]LogTemp: Display: Loaded TP HTML5TargetPlatform
[2018.02.01-18.38.56:955][  0]LogTemp: Display: Loaded TP IOSTargetPlatform
[2018.02.01-18.38.56:977][  0]LogTemp: Display: Loaded TP TVOSTargetPlatform
[2018.02.01-18.38.57:019][  0]LogTemp: Display: Loaded TP LinuxClientTargetPlatform
[2018.02.01-18.38.57:078][  0]LogTemp: Display: Loaded TP LinuxNoEditorTargetPlatform
[2018.02.01-18.38.57:119][  0]LogTemp: Display: Loaded TP LinuxServerTargetPlatform
[2018.02.01-18.38.57:160][  0]LogTemp: Display: Loaded TP LinuxTargetPlatform
[2018.02.01-18.38.57:160][  0]LogTargetPlatformManager: Display: Building Assets For Windows
[2018.02.01-18.38.57:551][  0]LogDerivedDataCache: Display: Max Cache Size: 512 MB
[2018.02.01-18.38.57:608][  0]LogDerivedDataCache: Loaded boot cache 0.06s 78MB C:/Users/VR Club User/AppData/Local/UnrealEngine/4.18/DerivedDataCache/Boot.ddc.
[2018.02.01-18.38.57:608][  0]LogDerivedDataCache: Display: Loaded Boot cache: C:/Users/VR Club User/AppData/Local/UnrealEngine/4.18/DerivedDataCache/Boot.ddc
[2018.02.01-18.38.57:608][  0]LogDerivedDataCache: FDerivedDataBackendGraph:  Pak pak cache file ../../../../../../Users/VR Club User/Documents/Unreal Projects/AkshayBlueprintTutorial/BpTutorial02_Real/Project_Blueprint/DerivedDataCache/DDC.ddp not found, will not use a pak cache.
[2018.02.01-18.38.57:608][  0]LogDerivedDataCache: Unable to find inner node Pak for hierarchical cache Hierarchy.
[2018.02.01-18.38.57:608][  0]LogDerivedDataCache: FDerivedDataBackendGraph:  CompressedPak pak cache file ../../../../../../Users/VR Club User/Documents/Unreal Projects/AkshayBlueprintTutorial/BpTutorial02_Real/Project_Blueprint/DerivedDataCache/Compressed.ddp not found, will not use a pak cache.
[2018.02.01-18.38.57:608][  0]LogDerivedDataCache: Unable to find inner node CompressedPak for hierarchical cache Hierarchy.
[2018.02.01-18.38.57:621][  0]LogDerivedDataCache: Display: Pak cache opened for reading ../../../Engine/DerivedDataCache/Compressed.ddp.
[2018.02.01-18.38.57:633][  0]LogDerivedDataCache: Using Local data cache path C:/Users/VR Club User/AppData/Local/UnrealEngine/Common/DerivedDataCache: Writable
[2018.02.01-18.38.57:640][  0]LogMaterial: Verifying Global Shaders for PCD3D_SM5
[2018.02.01-18.38.57:641][  0]LogSlate: Using Freetype 2.6.0
[2018.02.01-18.38.57:641][  0]LogSlate: SlateFontCache - WITH_FREETYPE: 1, WITH_HARFBUZZ: 1
[2018.02.01-18.38.57:641][  0]LogSlate: SlateFontCache - WITH_FREETYPE: 1, WITH_HARFBUZZ: 1
[2018.02.01-18.38.57:938][  0]LogInit: Selected Device Profile: [Windows]
[2018.02.01-18.38.58:212][  0]LogSimplygon: Simplygon DLL not present - disabling.
[2018.02.01-18.38.58:244][  0]LogMeshReduction: Using SimplygonSwarm for distributed automatic mesh merging
[2018.02.01-18.38.58:244][  0]LogMeshReduction: Using QuadricMeshReduction for automatic static mesh reduction
[2018.02.01-18.38.58:244][  0]LogMeshReduction: No automatic skeletal mesh reduction module available
[2018.02.01-18.38.58:244][  0]LogMeshReduction: No automatic mesh merging module available
[2018.02.01-18.38.58:244][  0]LogMeshMerging: No automatic mesh merging module available
[2018.02.01-18.38.58:270][  0]LogNetVersion: Project_Blueprint , NetCL: 3709383, EngineNetVer: 2, GameNetVer: 0 (Checksum: 12967825)
[2018.02.01-18.38.58:411][  0]LogAssetRegistry: FAssetRegistry took 0.0254 seconds to start up
[2018.02.01-18.38.58:823][  0]LogPackageLocalizationCache: Processed 7 localized package path(s) for 2 prioritized culture(s) in 0.053703 seconds
[2018.02.01-18.38.58:828][  0]LogUObjectArray: 35870 objects as part of root set at end of initial load.
[2018.02.01-18.38.58:828][  0]LogUObjectAllocator: 7363704 out of 0 bytes used by permanent object pool.
[2018.02.01-18.38.58:828][  0]LogUObjectArray: CloseDisregardForGC: 0/0 objects in disregard for GC pool
[2018.02.01-18.38.58:871][  0]LogInit: WinSock: version 1.1 (2.2), MaxSocks=32767, MaxUdp=65467
[2018.02.01-18.39.01:148][  0]LogTcpMessaging: Initializing TcpMessaging bridge
[2018.02.01-18.39.01:188][  0]LogUdpMessaging: Initializing bridge on interface 0.0.0.0:0 to multicast group 230.0.0.1:6666.
[2018.02.01-18.39.01:830][  0]LogMaterial: Uniform references updated for custom material expression Custom.
[2018.02.01-18.39.02:183][  0]SourceControl: Source control is disabled
[2018.02.01-18.39.02:183][  0]SourceControl: Source control is disabled
[2018.02.01-18.39.02:229][  0]SourceControl: Source control is disabled
[2018.02.01-18.39.02:272][  0]SourceControl: Source control is disabled
[2018.02.01-18.39.02:965][  0]LogAndroidPermission: UAndroidPermissionCallbackProxy::GetInstance
[2018.02.01-18.39.03:195][  0]LogOcInput: OculusInput pre-init called
[2018.02.01-18.39.03:477][  0]LogEngine: Initializing Engine...
[2018.02.01-18.39.03:479][  0]LogHMD: Failed to initialize OpenVR with code 110
[2018.02.01-18.39.03:647][  0]LogStats: UGameplayTagsManager::ConstructGameplayTagTree: Construct from data asset -  0.000 s
[2018.02.01-18.39.03:647][  0]LogStats: UGameplayTagsManager::ConstructGameplayTagTree: GameplayTagTreeChangedEvent.Broadcast -  0.000 s
[2018.02.01-18.39.03:756][  0]LogAIModule: Creating AISystem for world Untitled
[2018.02.01-18.39.03:763][  0]LogInit: XAudio2 using 'Speakers (2- High Definition Audio Device)' : 2 channels at 48 kHz using 16 bits per sample (channel mask 0x3)
[2018.02.01-18.39.03:781][  0]LogInit: FAudioDevice initialized.
[2018.02.01-18.39.03:869][  0]LogDerivedDataCache: Saved boot cache 0.09s 78MB C:/Users/VR Club User/AppData/Local/UnrealEngine/4.18/DerivedDataCache/Boot.ddc.
[2018.02.01-18.39.03:885][  0]LogInit: Texture streaming: Enabled
[2018.02.01-18.39.03:980][  0]LogEngineSessionManager: EngineSessionManager initialized
[2018.02.01-18.39.04:087][  0]LogInit: Transaction tracking system initialized
[2018.02.01-18.39.04:346][  0]BlueprintLog: New page: Editor Load
[2018.02.01-18.39.05:071][  0]LocalizationService: Localization service is disabled
[2018.02.01-18.39.05:709][  0]LogConsoleResponse: Display: 
[2018.02.01-18.39.05:854][  0]LogCook: Display: Max memory allowance for cook 16384mb min free memory 0mb
[2018.02.01-18.39.05:854][  0]LogCook: Display: Mobile HDR setting 1
[2018.02.01-18.39.05:854][  0]LogGameplayTags: Display: UGameplayTagsManager::DoneAddingNativeTags. DelegateIsBound: 0
[2018.02.01-18.39.06:212][  0]LogFileCache: Scanning file cache for directory 'C:/Users/VR Club User/Documents/Unreal Projects/AkshayBlueprintTutorial/BpTutorial02_Real/Project_Blueprint/Content/' took 0.01s
[2018.02.01-18.39.06:871][  0]SourceControl: Source control is disabled
[2018.02.01-18.39.06:871][  0]LightingResults: New page: Lighting Build
[2018.02.01-18.39.06:906][  0]MapCheck: New page: Map Check
[2018.02.01-18.39.06:906][  0]LightingResults: New page: Lighting Build
[2018.02.01-18.39.07:237][  0]LogAIModule: Creating AISystem for world ThirdPersonExampleMap
[2018.02.01-18.39.07:245][  0]LogEditorServer: Finished looking for orphan Actors (0.000 secs)
[2018.02.01-18.39.07:254][  0]Cmd: MAP CHECKDEP NOCLEARLOG
[2018.02.01-18.39.07:299][  0]MapCheck: Map check complete: 0 Error(s), 0 Warning(s), took 44.61ms to complete.
[2018.02.01-18.39.07:299][  0]LogFileHelpers: Loading map 'ThirdPersonExampleMap' took 0.428
[2018.02.01-18.39.07:373][  0]LogWindowsTextInputMethodSystem: Display: IME system now deactivated.
[2018.02.01-18.39.07:479][  0]LogCollectionManager: Loaded 0 collections in 0.002564 seconds
[2018.02.01-18.39.07:584][  0]LogFileCache: Scanning file cache for directory 'C:/Users/VR Club User/Documents/Unreal Projects/AkshayBlueprintTutorial/BpTutorial02_Real/Project_Blueprint/Saved/Collections/' took 0.01s
[2018.02.01-18.39.07:584][  0]LogFileCache: Scanning file cache for directory 'C:/Users/VR Club User/Documents/Unreal Projects/AkshayBlueprintTutorial/BpTutorial02_Real/Project_Blueprint/Content/Developers/VRClubUser/Collections/' took 0.01s
[2018.02.01-18.39.07:584][  0]LogFileCache: Scanning file cache for directory 'C:/Users/VR Club User/Documents/Unreal Projects/AkshayBlueprintTutorial/BpTutorial02_Real/Project_Blueprint/Content/Collections/' took 0.01s
[2018.02.01-18.39.07:584][  0]LogCollectionManager: Rebuilt the GUID cache for 0 collections in 0.000000 seconds
[2018.02.01-18.39.07:591][  0]LogContentBrowser: Native class hierarchy populated in 0.0067 seconds. Added 2363 classes and 519 folders.
[2018.02.01-18.39.07:645][  0]LogContentBrowser: Native class hierarchy updated for 'WidgetCarousel' in 0.0002 seconds. Added 0 classes and 0 folders.
[2018.02.01-18.39.07:869][  0]LogContentBrowser: Native class hierarchy updated for 'AddContentDialog' in 0.0002 seconds. Added 0 classes and 0 folders.
[2018.02.01-18.39.07:907][  0]LogContentBrowser: Native class hierarchy updated for 'SceneOutliner' in 0.0002 seconds. Added 1 classes and 2 folders.
[2018.02.01-18.39.07:921][  0]LogSlate: Took 0.000201 seconds to synchronously load lazily loaded font '../../../Engine/Content/Slate/Fonts/Roboto-Regular.ttf' (155K)
[2018.02.01-18.39.07:923][  0]LogSlate: Took 0.000218 seconds to synchronously load lazily loaded font '../../../Engine/Content/Slate/Fonts/Roboto-Bold.ttf' (160K)
[2018.02.01-18.39.07:932][  0]LogSlate: Took 0.004227 seconds to synchronously load lazily loaded font '../../../Engine/Content/Editor/Slate/Fonts/FontAwesome.ttf' (139K)
[2018.02.01-18.39.08:053][  0]LogRenderer: Reallocating scene render targets to support 1252x656 Format 10 NumSamples 1 (Frame:1).
[2018.02.01-18.39.08:277][  0]LogContentBrowser: Native class hierarchy updated for 'HierarchicalLODOutliner' in 0.0002 seconds. Added 1 classes and 2 folders.
[2018.02.01-18.39.08:277][  0]LogLoad: (Engine Initialization) Total time: 15.92 seconds
[2018.02.01-18.39.08:277][  0]LogLoad: (Engine Initialization) Total Blueprint compile time: 0.00 seconds
[2018.02.01-18.39.08:277][  0]LogExternalProfiler: No external profilers were discovered.  External profiling features will not be available.
[2018.02.01-18.39.08:301][  0]LogAssetRegistry: Asset discovery search completed in 9.9115 seconds
[2018.02.01-18.39.08:303][  0]LogCollectionManager: Rebuilt the object cache for 0 collections in 0.000000 seconds (found 0 objects)
[2018.02.01-18.39.08:303][  0]LogCollectionManager: Fixed up redirectors for 0 collections in 0.000043 seconds (updated 0 objects)
[2018.02.01-18.39.08:303][  0]LogContentStreaming: Texture pool size now 1000 MB
[2018.02.01-18.39.08:324][  0]LogSlate: Took 0.003142 seconds to synchronously load lazily loaded font '../../../Engine/Content/Slate/Fonts/Roboto-Light.ttf' (159K)
[2018.02.01-18.39.48:731][540]LogSlate: Took 0.000125 seconds to synchronously load lazily loaded font '../../../Engine/Content/Slate/Fonts/Roboto-Light.ttf' (159K)
[2018.02.01-18.40.09:141][586]AssetTools: New page: Content migration completed successfully!
[2018.02.01-18.40.09:141][586]AssetTools: /Game/ThirdPersonBP/Blueprints/ThirdPersonCharacter
[2018.02.01-18.40.09:141][586]AssetTools: /Game/Mannequin/Animations/ThirdPerson_AnimBP
[2018.02.01-18.40.09:141][586]AssetTools: /Game/Mannequin/Animations/ThirdPerson_Jump
[2018.02.01-18.40.09:141][586]AssetTools: /Game/Mannequin/Character/Mesh/UE4_Mannequin_Skeleton
[2018.02.01-18.40.09:141][586]AssetTools: /Game/Mannequin/Character/Mesh/SK_Mannequin
[2018.02.01-18.40.09:141][586]AssetTools: /Game/Mannequin/Character/Materials/M_UE4Man_Body
[2018.02.01-18.40.09:141][586]AssetTools: /Game/Mannequin/Character/Materials/MaterialLayers/ML_GlossyBlack_Latex_UE4
[2018.02.01-18.40.09:141][586]AssetTools: /Game/Mannequin/Character/Materials/MaterialLayers/T_ML_Rubber_Blue_01_D
[2018.02.01-18.40.09:141][586]AssetTools: /Game/Mannequin/Character/Materials/MaterialLayers/T_ML_Rubber_Blue_01_N
[2018.02.01-18.40.09:141][586]AssetTools: /Game/Mannequin/Character/Materials/MaterialLayers/ML_Plastic_Shiny_Beige
[2018.02.01-18.40.09:141][586]AssetTools: /Game/Mannequin/Character/Materials/MaterialLayers/ML_Plastic_Shiny_Beige_LOGO
[2018.02.01-18.40.09:141][586]AssetTools: /Game/Mannequin/Character/Textures/UE4_LOGO_CARD
[2018.02.01-18.40.09:141][586]AssetTools: /Game/Mannequin/Character/Materials/MaterialLayers/ML_SoftMetal_UE4
[2018.02.01-18.40.09:141][586]AssetTools: /Game/Mannequin/Character/Materials/MaterialLayers/T_ML_Aluminum01
[2018.02.01-18.40.09:141][586]AssetTools: /Game/Mannequin/Character/Materials/MaterialLayers/T_ML_Aluminum01_N
[2018.02.01-18.40.09:141][586]AssetTools: /Game/Mannequin/Character/Textures/UE4_Mannequin__normals
[2018.02.01-18.40.09:141][586]AssetTools: /Game/Mannequin/Character/Textures/UE4_Mannequin_MAT_MASKA
[2018.02.01-18.40.09:142][586]AssetTools: /Game/Mannequin/Character/Materials/M_UE4Man_ChestLogo
[2018.02.01-18.40.09:142][586]AssetTools: /Game/Mannequin/Character/Textures/UE4Man_Logo_N
[2018.02.01-18.40.09:142][586]AssetTools: /Game/Mannequin/Character/Mesh/SK_Mannequin_PhysicsAsset
[2018.02.01-18.40.09:142][586]AssetTools: /Game/Mannequin/Animations/ThirdPersonJump_Loop
[2018.02.01-18.40.09:142][586]AssetTools: /Game/Mannequin/Animations/ThirdPersonJump_Start
[2018.02.01-18.40.09:142][586]AssetTools: /Game/Mannequin/Animations/ThirdPerson_IdleRun_2D
[2018.02.01-18.40.09:142][586]AssetTools: /Game/Mannequin/Animations/ThirdPersonIdle
[2018.02.01-18.40.09:142][586]AssetTools: /Game/Mannequin/Animations/ThirdPersonRun
[2018.02.01-18.40.09:142][586]AssetTools: /Game/Mannequin/Animations/ThirdPersonWalk
[2018.02.01-18.41.05:237][423]LogEditorViewport: Clicking on Actor (LMB): StaticMeshActor (Floor)
[2018.02.01-18.41.06:737][448]LogEditorViewport: Clicking on Actor (LMB): StaticMeshActor (Linear_Stair_StaticMesh)
[2018.02.01-18.41.07:190][456]LogEditorViewport: Clicking on Actor (LMB): StaticMeshActor (Wall7)
[2018.02.01-18.41.15:240][599]LogEditorViewport: Clicking on Actor (LMB): StaticMeshActor (Floor)
[2018.02.01-18.41.16:343][619]LogEditorViewport: Clicking on Actor (LMB): StaticMeshActor (Floor)
[2018.02.01-18.42.53:291][343]LogD3D11RHI: Timed out while waiting for GPU to catch up. (0.5 s)
[2018.02.01-18.42.58:895][355]LogD3D11RHI: Timed out while waiting for GPU to catch up. (0.5 s)
[2018.02.01-18.43.31:163][528]LogD3D11RHI: Timed out while waiting for GPU to catch up. (0.5 s)
[2018.02.01-18.43.35:063][538]LogD3D11RHI: Timed out while waiting for GPU to catch up. (0.5 s)
[2018.02.01-18.43.37:187][542]LogD3D11RHI: Timed out while waiting for GPU to catch up. (0.5 s)
[2018.02.01-18.43.41:036][550]LogD3D11RHI: Timed out while waiting for GPU to catch up. (0.5 s)
[2018.02.01-18.43.43:425][556]LogD3D11RHI: Timed out while waiting for GPU to catch up. (0.5 s)
[2018.02.01-18.43.47:637][568]LogD3D11RHI: Timed out while waiting for GPU to catch up. (0.5 s)
[2018.02.01-18.43.48:691][569]LogD3D11RHI: Timed out while waiting for GPU to catch up. (0.5 s)
[2018.02.01-18.43.54:001][585]LogD3D11RHI: Timed out while waiting for GPU to catch up. (0.5 s)
[2018.02.01-18.44.00:420][601]LogD3D11RHI: Timed out while waiting for GPU to catch up. (0.5 s)
[2018.02.01-18.44.01:074][601]LogD3D11RHI: Timed out while waiting for GPU to catch up. (0.5 s)
[2018.02.01-18.44.02:447][603]LogD3D11RHI: Timed out while waiting for GPU to catch up. (0.5 s)
[2018.02.01-18.44.09:166][618]LogD3D11RHI: Timed out while waiting for GPU to catch up. (0.5 s)
[2018.02.01-18.44.12:436][626]LogD3D11RHI: Timed out while waiting for GPU to catch up. (0.5 s)
[2018.02.01-18.44.15:993][633]LogD3D11RHI: Timed out while waiting for GPU to catch up. (0.5 s)
[2018.02.01-18.44.28:850][663]LogD3D11RHI: Timed out while waiting for GPU to catch up. (0.5 s)
[2018.02.01-18.46.18:305][988]LogEditorViewport: Clicking on Actor (LMB): StaticMeshActor (Floor)
[2018.02.01-18.48.16:144][401]LogEditorViewport: Clicking on Actor (LMB): StaticMeshActor (Floor)
